2026-02-27 19:29:55,723 [INFO] ============================================================
2026-02-27 19:29:55,723 [INFO]   NFX SIGNAL - FINTECH SEED URL COLLECTOR
2026-02-27 19:29:55,724 [INFO]   List slug: fintech-seed
2026-02-27 19:29:55,724 [INFO]   Page size: 50
2026-02-27 19:29:55,724 [INFO] ============================================================
2026-02-27 19:29:55,724 [INFO] Loaded 0 existing URLs from disk
2026-02-27 19:29:57,710 [INFO] Server reports 8777 total investors
2026-02-27 19:29:57,710 [INFO]   Page 1 | +50 new (50 fetched) | total: 50 | hasNext: True
2026-02-27 19:29:59,027 [INFO]   Page 2 | +50 new (50 fetched) | total: 100 | hasNext: True
2026-02-27 19:30:00,390 [INFO]   Page 3 | +50 new (50 fetched) | total: 150 | hasNext: True
2026-02-27 19:30:01,404 [INFO]   Page 4 | +50 new (50 fetched) | total: 200 | hasNext: True
2026-02-27 19:30:01,406 [INFO]   SAVED (200 URLs)
2026-02-27 19:30:02,640 [INFO]   Page 5 | +50 new (50 fetched) | total: 250 | hasNext: True
2026-02-27 19:30:03,624 [INFO]   Page 6 | +50 new (50 fetched) | total: 300 | hasNext: True
2026-02-27 19:30:04,640 [INFO]   Page 7 | +50 new (50 fetched) | total: 350 | hasNext: True
2026-02-27 19:30:05,733 [INFO]   Page 8 | +50 new (50 fetched) | total: 400 | hasNext: True
2026-02-27 19:30:05,737 [INFO]   SAVED (400 URLs)
2026-02-27 19:30:06,820 [INFO]   Page 9 | +50 new (50 fetched) | total: 450 | hasNext: True
2026-02-27 19:30:08,068 [INFO]   Page 10 | +50 new (50 fetched) | total: 500 | hasNext: True
2026-02-27 19:30:09,050 [INFO]   Page 11 | +50 new (50 fetched) | total: 550 | hasNext: True
2026-02-27 19:30:10,055 [INFO]   Page 12 | +50 new (50 fetched) | total: 600 | hasNext: True
2026-02-27 19:30:10,060 [INFO]   SAVED (600 URLs)
2026-02-27 19:30:11,067 [INFO]   Page 13 | +50 new (50 fetched) | total: 650 | hasNext: True
2026-02-27 19:30:13,680 [INFO]   Page 14 | +50 new (50 fetched) | total: 700 | hasNext: True
2026-02-27 19:30:15,254 [INFO]   Page 15 | +50 new (50 fetched) | total: 750 | hasNext: True
2026-02-27 19:30:16,322 [INFO]   Page 16 | +50 new (50 fetched) | total: 800 | hasNext: True
2026-02-27 19:30:16,328 [INFO]   SAVED (800 URLs)
2026-02-27 19:30:17,432 [INFO]   Page 17 | +50 new (50 fetched) | total: 850 | hasNext: True
2026-02-27 19:30:18,430 [INFO]   Page 18 | +50 new (50 fetched) | total: 900 | hasNext: True
2026-02-27 19:30:19,391 [INFO]   Page 19 | +50 new (50 fetched) | total: 950 | hasNext: True
2026-02-27 19:30:20,428 [INFO]   Page 20 | +50 new (50 fetched) | total: 1000 | hasNext: True
2026-02-27 19:30:20,436 [INFO]   SAVED (1000 URLs)
2026-02-27 19:30:21,478 [INFO]   Page 21 | +50 new (50 fetched) | total: 1050 | hasNext: True
2026-02-27 19:30:22,567 [INFO]   Page 22 | +50 new (50 fetched) | total: 1100 | hasNext: True
2026-02-27 19:30:23,650 [INFO]   Page 23 | +50 new (50 fetched) | total: 1150 | hasNext: True
2026-02-27 19:30:25,205 [INFO]   Page 24 | +50 new (50 fetched) | total: 1200 | hasNext: True
2026-02-27 19:30:25,213 [INFO]   SAVED (1200 URLs)
2026-02-27 19:30:26,222 [INFO]   Page 25 | +50 new (50 fetched) | total: 1250 | hasNext: True
2026-02-27 19:30:27,934 [INFO]   Page 26 | +50 new (50 fetched) | total: 1300 | hasNext: True
2026-02-27 19:30:29,239 [INFO]   Page 27 | +50 new (50 fetched) | total: 1350 | hasNext: True
2026-02-27 19:30:31,263 [INFO]   Page 28 | +50 new (50 fetched) | total: 1400 | hasNext: True
2026-02-27 19:30:31,273 [INFO]   SAVED (1400 URLs)
2026-02-27 19:30:32,290 [INFO]   Page 29 | +50 new (50 fetched) | total: 1450 | hasNext: True
2026-02-27 19:30:33,279 [INFO]   Page 30 | +50 new (50 fetched) | total: 1500 | hasNext: True
2026-02-27 19:30:34,796 [INFO]   Page 31 | +50 new (50 fetched) | total: 1550 | hasNext: True
2026-02-27 19:30:35,809 [INFO]   Page 32 | +50 new (50 fetched) | total: 1600 | hasNext: True
2026-02-27 19:30:35,821 [INFO]   SAVED (1600 URLs)
2026-02-27 19:30:36,951 [INFO]   Page 33 | +50 new (50 fetched) | total: 1650 | hasNext: True
2026-02-27 19:30:37,946 [INFO]   Page 34 | +50 new (50 fetched) | total: 1700 | hasNext: True
2026-02-27 19:30:38,967 [INFO]   Page 35 | +50 new (50 fetched) | total: 1750 | hasNext: True
2026-02-27 19:30:40,175 [INFO]   Page 36 | +50 new (50 fetched) | total: 1800 | hasNext: True
2026-02-27 19:30:40,193 [INFO]   SAVED (1800 URLs)
2026-02-27 19:30:41,266 [INFO]   Page 37 | +50 new (50 fetched) | total: 1850 | hasNext: True
2026-02-27 19:30:42,528 [INFO]   Page 38 | +50 new (50 fetched) | total: 1900 | hasNext: True
2026-02-27 19:30:43,507 [INFO]   Page 39 | +50 new (50 fetched) | total: 1950 | hasNext: True
2026-02-27 19:30:44,536 [INFO]   Page 40 | +50 new (50 fetched) | total: 2000 | hasNext: True
2026-02-27 19:30:44,550 [INFO]   SAVED (2000 URLs)
2026-02-27 19:30:45,745 [INFO]   Page 41 | +50 new (50 fetched) | total: 2050 | hasNext: True
2026-02-27 19:30:46,690 [INFO]   Page 42 | +50 new (50 fetched) | total: 2100 | hasNext: True
2026-02-27 19:30:47,694 [INFO]   Page 43 | +50 new (50 fetched) | total: 2150 | hasNext: True
2026-02-27 19:30:50,156 [INFO]   Page 44 | +50 new (50 fetched) | total: 2200 | hasNext: True
2026-02-27 19:30:50,171 [INFO]   SAVED (2200 URLs)
2026-02-27 19:30:51,324 [INFO]   Page 45 | +50 new (50 fetched) | total: 2250 | hasNext: True
2026-02-27 19:30:52,331 [INFO]   Page 46 | +50 new (50 fetched) | total: 2300 | hasNext: True
2026-02-27 19:30:53,847 [INFO]   Page 47 | +50 new (50 fetched) | total: 2350 | hasNext: True
2026-02-27 19:30:55,764 [INFO]   Page 48 | +50 new (50 fetched) | total: 2400 | hasNext: True
2026-02-27 19:30:55,781 [INFO]   SAVED (2400 URLs)
2026-02-27 19:30:56,767 [INFO]   Page 49 | +50 new (50 fetched) | total: 2450 | hasNext: True
2026-02-27 19:30:58,119 [INFO]   Page 50 | +50 new (50 fetched) | total: 2500 | hasNext: True
2026-02-27 19:30:59,122 [INFO]   Page 51 | +50 new (50 fetched) | total: 2550 | hasNext: True
2026-02-27 19:31:00,087 [INFO]   Page 52 | +50 new (50 fetched) | total: 2600 | hasNext: True
2026-02-27 19:31:00,105 [INFO]   SAVED (2600 URLs)
2026-02-27 19:31:01,109 [INFO]   Page 53 | +50 new (50 fetched) | total: 2650 | hasNext: True
2026-02-27 19:31:02,386 [INFO]   Page 54 | +50 new (50 fetched) | total: 2700 | hasNext: True
2026-02-27 19:31:04,407 [INFO]   Page 55 | +50 new (50 fetched) | total: 2750 | hasNext: True
2026-02-27 19:31:05,989 [INFO]   Page 56 | +50 new (50 fetched) | total: 2800 | hasNext: True
2026-02-27 19:31:06,009 [INFO]   SAVED (2800 URLs)
2026-02-27 19:31:06,988 [INFO]   Page 57 | +50 new (50 fetched) | total: 2850 | hasNext: True
2026-02-27 19:31:07,966 [INFO]   Page 58 | +50 new (50 fetched) | total: 2900 | hasNext: True
2026-02-27 19:31:10,182 [INFO]   Page 59 | +50 new (50 fetched) | total: 2950 | hasNext: True
2026-02-27 19:31:11,230 [INFO]   Page 60 | +50 new (50 fetched) | total: 3000 | hasNext: True
2026-02-27 19:31:11,251 [INFO]   SAVED (3000 URLs)
2026-02-27 19:31:12,373 [INFO]   Page 61 | +50 new (50 fetched) | total: 3050 | hasNext: True
2026-02-27 19:31:13,514 [INFO]   Page 62 | +50 new (50 fetched) | total: 3100 | hasNext: True
2026-02-27 19:31:14,654 [INFO]   Page 63 | +50 new (50 fetched) | total: 3150 | hasNext: True
2026-02-27 19:31:15,697 [INFO]   Page 64 | +50 new (50 fetched) | total: 3200 | hasNext: True
2026-02-27 19:31:15,721 [INFO]   SAVED (3200 URLs)
2026-02-27 19:31:16,720 [INFO]   Page 65 | +50 new (50 fetched) | total: 3250 | hasNext: True
2026-02-27 19:31:18,108 [INFO]   Page 66 | +50 new (50 fetched) | total: 3300 | hasNext: True
2026-02-27 19:31:19,135 [INFO]   Page 67 | +50 new (50 fetched) | total: 3350 | hasNext: True
2026-02-27 19:31:20,151 [INFO]   Page 68 | +50 new (50 fetched) | total: 3400 | hasNext: True
2026-02-27 19:31:20,175 [INFO]   SAVED (3400 URLs)
2026-02-27 19:31:21,189 [INFO]   Page 69 | +50 new (50 fetched) | total: 3450 | hasNext: True
2026-02-27 19:31:22,670 [INFO]   Page 70 | +50 new (50 fetched) | total: 3500 | hasNext: True
2026-02-27 19:31:23,657 [INFO]   Page 71 | +50 new (50 fetched) | total: 3550 | hasNext: True
2026-02-27 19:31:24,662 [INFO]   Page 72 | +50 new (50 fetched) | total: 3600 | hasNext: True
2026-02-27 19:31:24,688 [INFO]   SAVED (3600 URLs)
2026-02-27 19:31:25,669 [INFO]   Page 73 | +50 new (50 fetched) | total: 3650 | hasNext: True
2026-02-27 19:31:26,664 [INFO]   Page 74 | +50 new (50 fetched) | total: 3700 | hasNext: True
2026-02-27 19:31:27,714 [INFO]   Page 75 | +50 new (50 fetched) | total: 3750 | hasNext: True
2026-02-27 19:31:29,479 [INFO]   Page 76 | +50 new (50 fetched) | total: 3800 | hasNext: True
2026-02-27 19:31:29,505 [INFO]   SAVED (3800 URLs)
2026-02-27 19:31:30,620 [INFO]   Page 77 | +50 new (50 fetched) | total: 3850 | hasNext: True
2026-02-27 19:31:31,596 [INFO]   Page 78 | +50 new (50 fetched) | total: 3900 | hasNext: True
2026-02-27 19:31:32,702 [INFO]   Page 79 | +50 new (50 fetched) | total: 3950 | hasNext: True
2026-02-27 19:31:33,807 [INFO]   Page 80 | +50 new (50 fetched) | total: 4000 | hasNext: True
2026-02-27 19:31:33,834 [INFO]   SAVED (4000 URLs)
2026-02-27 19:31:35,210 [INFO]   Page 81 | +50 new (50 fetched) | total: 4050 | hasNext: True
2026-02-27 19:31:36,364 [INFO]   Page 82 | +50 new (50 fetched) | total: 4100 | hasNext: True
2026-02-27 19:31:37,433 [INFO]   Page 83 | +50 new (50 fetched) | total: 4150 | hasNext: True
2026-02-27 19:31:39,427 [INFO]   Page 84 | +50 new (50 fetched) | total: 4200 | hasNext: True
2026-02-27 19:31:39,499 [INFO]   SAVED (4200 URLs)
2026-02-27 19:31:40,658 [INFO]   Page 85 | +50 new (50 fetched) | total: 4250 | hasNext: True
2026-02-27 19:31:41,802 [INFO]   Page 86 | +50 new (50 fetched) | total: 4300 | hasNext: True
2026-02-27 19:31:42,851 [INFO]   Page 87 | +50 new (50 fetched) | total: 4350 | hasNext: True
2026-02-27 19:31:43,849 [INFO]   Page 88 | +50 new (50 fetched) | total: 4400 | hasNext: True
2026-02-27 19:31:43,879 [INFO]   SAVED (4400 URLs)
2026-02-27 19:31:45,505 [INFO]   Page 89 | +50 new (50 fetched) | total: 4450 | hasNext: True
2026-02-27 19:31:46,483 [INFO]   Page 90 | +50 new (50 fetched) | total: 4500 | hasNext: True
2026-02-27 19:31:47,488 [INFO]   Page 91 | +50 new (50 fetched) | total: 4550 | hasNext: True
2026-02-27 19:31:48,617 [INFO]   Page 92 | +50 new (50 fetched) | total: 4600 | hasNext: True
2026-02-27 19:31:48,647 [INFO]   SAVED (4600 URLs)
2026-02-27 19:31:49,981 [INFO]   Page 93 | +50 new (50 fetched) | total: 4650 | hasNext: True
2026-02-27 19:31:51,357 [INFO]   Page 94 | +50 new (50 fetched) | total: 4700 | hasNext: True
2026-02-27 19:31:52,380 [INFO]   Page 95 | +50 new (50 fetched) | total: 4750 | hasNext: True
2026-02-27 19:31:53,436 [INFO]   Page 96 | +50 new (50 fetched) | total: 4800 | hasNext: True
2026-02-27 19:31:53,471 [INFO]   SAVED (4800 URLs)
2026-02-27 19:31:54,611 [INFO]   Page 97 | +50 new (50 fetched) | total: 4850 | hasNext: True
2026-02-27 19:31:55,677 [INFO]   Page 98 | +50 new (50 fetched) | total: 4900 | hasNext: True
2026-02-27 19:31:56,785 [INFO]   Page 99 | +50 new (50 fetched) | total: 4950 | hasNext: True
2026-02-27 19:31:58,823 [INFO]   Page 100 | +50 new (50 fetched) | total: 5000 | hasNext: True
2026-02-27 19:31:58,857 [INFO]   SAVED (5000 URLs)
2026-02-27 19:31:59,950 [INFO]   Page 101 | +50 new (50 fetched) | total: 5050 | hasNext: True
2026-02-27 19:32:01,005 [INFO]   Page 102 | +50 new (50 fetched) | total: 5100 | hasNext: True
2026-02-27 19:32:02,070 [INFO]   Page 103 | +50 new (50 fetched) | total: 5150 | hasNext: True
2026-02-27 19:32:03,117 [INFO]   Page 104 | +50 new (50 fetched) | total: 5200 | hasNext: True
2026-02-27 19:32:03,152 [INFO]   SAVED (5200 URLs)
2026-02-27 19:32:04,181 [INFO]   Page 105 | +50 new (50 fetched) | total: 5250 | hasNext: True
2026-02-27 19:32:05,441 [INFO]   Page 106 | +50 new (50 fetched) | total: 5300 | hasNext: True
2026-02-27 19:32:06,499 [INFO]   Page 107 | +50 new (50 fetched) | total: 5350 | hasNext: True
2026-02-27 19:32:07,651 [INFO]   Page 108 | +50 new (50 fetched) | total: 5400 | hasNext: True
2026-02-27 19:32:07,687 [INFO]   SAVED (5400 URLs)
2026-02-27 19:32:08,732 [INFO]   Page 109 | +50 new (50 fetched) | total: 5450 | hasNext: True
2026-02-27 19:32:09,739 [INFO]   Page 110 | +49 new (50 fetched) | total: 5499 | hasNext: True
2026-02-27 19:32:10,746 [INFO]   Page 111 | +50 new (50 fetched) | total: 5549 | hasNext: True
2026-02-27 19:32:11,820 [INFO]   Page 112 | +50 new (50 fetched) | total: 5599 | hasNext: True
2026-02-27 19:32:12,801 [INFO]   Page 113 | +50 new (50 fetched) | total: 5649 | hasNext: True
2026-02-27 19:32:12,839 [INFO]   SAVED (5649 URLs)
2026-02-27 19:32:13,871 [INFO]   Page 114 | +50 new (50 fetched) | total: 5699 | hasNext: True
2026-02-27 19:32:14,853 [INFO]   Page 115 | +50 new (50 fetched) | total: 5749 | hasNext: True
2026-02-27 19:32:16,340 [INFO]   Page 116 | +50 new (50 fetched) | total: 5799 | hasNext: True
2026-02-27 19:32:17,377 [INFO]   Page 117 | +50 new (50 fetched) | total: 5849 | hasNext: True
2026-02-27 19:32:17,416 [INFO]   SAVED (5849 URLs)
2026-02-27 19:32:18,405 [INFO]   Page 118 | +50 new (50 fetched) | total: 5899 | hasNext: True
2026-02-27 19:32:19,365 [INFO]   Page 119 | +50 new (50 fetched) | total: 5949 | hasNext: True
2026-02-27 19:32:20,386 [INFO]   Page 120 | +50 new (50 fetched) | total: 5999 | hasNext: True
2026-02-27 19:32:21,514 [INFO]   Page 121 | +50 new (50 fetched) | total: 6049 | hasNext: True
2026-02-27 19:32:21,555 [INFO]   SAVED (6049 URLs)
2026-02-27 19:32:22,900 [INFO]   Page 122 | +50 new (50 fetched) | total: 6099 | hasNext: True
2026-02-27 19:32:24,015 [INFO]   Page 123 | +50 new (50 fetched) | total: 6149 | hasNext: True
2026-02-27 19:32:25,158 [INFO]   Page 124 | +50 new (50 fetched) | total: 6199 | hasNext: True
2026-02-27 19:32:26,159 [INFO]   Page 125 | +50 new (50 fetched) | total: 6249 | hasNext: True
2026-02-27 19:32:26,203 [INFO]   SAVED (6249 URLs)
2026-02-27 19:32:27,252 [INFO]   Page 126 | +50 new (50 fetched) | total: 6299 | hasNext: True
2026-02-27 19:32:28,248 [INFO]   Page 127 | +50 new (50 fetched) | total: 6349 | hasNext: True
2026-02-27 19:32:29,230 [INFO]   Page 128 | +50 new (50 fetched) | total: 6399 | hasNext: True
2026-02-27 19:32:30,304 [INFO]   Page 129 | +50 new (50 fetched) | total: 6449 | hasNext: True
2026-02-27 19:32:30,346 [INFO]   SAVED (6449 URLs)
2026-02-27 19:32:31,337 [INFO]   Page 130 | +50 new (50 fetched) | total: 6499 | hasNext: True
2026-02-27 19:32:32,303 [INFO]   Page 131 | +50 new (50 fetched) | total: 6549 | hasNext: True
2026-02-27 19:32:33,819 [INFO]   Page 132 | +50 new (50 fetched) | total: 6599 | hasNext: True
2026-02-27 19:32:34,827 [INFO]   Page 133 | +50 new (50 fetched) | total: 6649 | hasNext: True
2026-02-27 19:32:34,872 [INFO]   SAVED (6649 URLs)
2026-02-27 19:32:35,974 [INFO]   Page 134 | +50 new (50 fetched) | total: 6699 | hasNext: True
2026-02-27 19:32:37,249 [INFO]   Page 135 | +50 new (50 fetched) | total: 6749 | hasNext: True
2026-02-27 19:32:38,240 [INFO]   Page 136 | +50 new (50 fetched) | total: 6799 | hasNext: True
2026-02-27 19:32:39,493 [INFO]   Page 137 | +50 new (50 fetched) | total: 6849 | hasNext: True
2026-02-27 19:32:39,538 [INFO]   SAVED (6849 URLs)
2026-02-27 19:32:40,697 [INFO]   Page 138 | +50 new (50 fetched) | total: 6899 | hasNext: True
2026-02-27 19:32:41,808 [INFO]   Page 139 | +50 new (50 fetched) | total: 6949 | hasNext: True
2026-02-27 19:32:42,796 [INFO]   Page 140 | +50 new (50 fetched) | total: 6999 | hasNext: True
2026-02-27 19:32:43,779 [INFO]   Page 141 | +50 new (50 fetched) | total: 7049 | hasNext: True
2026-02-27 19:32:43,825 [INFO]   SAVED (7049 URLs)
2026-02-27 19:32:44,857 [INFO]   Page 142 | +50 new (50 fetched) | total: 7099 | hasNext: True
2026-02-27 19:32:45,980 [INFO]   Page 143 | +50 new (50 fetched) | total: 7149 | hasNext: True
2026-02-27 19:32:47,032 [INFO]   Page 144 | +50 new (50 fetched) | total: 7199 | hasNext: True
2026-02-27 19:32:48,317 [INFO]   Page 145 | +50 new (50 fetched) | total: 7249 | hasNext: True
2026-02-27 19:32:48,366 [INFO]   SAVED (7249 URLs)
2026-02-27 19:32:49,373 [INFO]   Page 146 | +50 new (50 fetched) | total: 7299 | hasNext: True
2026-02-27 19:32:50,460 [INFO]   Page 147 | +50 new (50 fetched) | total: 7349 | hasNext: True
2026-02-27 19:32:51,504 [INFO]   Page 148 | +50 new (50 fetched) | total: 7399 | hasNext: True
2026-02-27 19:32:52,546 [INFO]   Page 149 | +50 new (50 fetched) | total: 7449 | hasNext: True
2026-02-27 19:32:52,595 [INFO]   SAVED (7449 URLs)
2026-02-27 19:32:53,606 [INFO]   Page 150 | +50 new (50 fetched) | total: 7499 | hasNext: True
2026-02-27 19:32:54,627 [INFO]   Page 151 | +50 new (50 fetched) | total: 7549 | hasNext: True
2026-02-27 19:32:55,612 [INFO]   Page 152 | +50 new (50 fetched) | total: 7599 | hasNext: True
2026-02-27 19:32:56,591 [INFO]   Page 153 | +50 new (50 fetched) | total: 7649 | hasNext: True
2026-02-27 19:32:56,641 [INFO]   SAVED (7649 URLs)
2026-02-27 19:32:57,642 [INFO]   Page 154 | +50 new (50 fetched) | total: 7699 | hasNext: True
2026-02-27 19:32:58,704 [INFO]   Page 155 | +50 new (50 fetched) | total: 7749 | hasNext: True
2026-02-27 19:32:59,721 [INFO]   Page 156 | +50 new (50 fetched) | total: 7799 | hasNext: True
2026-02-27 19:33:00,823 [INFO]   Page 157 | +50 new (50 fetched) | total: 7849 | hasNext: True
2026-02-27 19:33:00,874 [INFO]   SAVED (7849 URLs)
2026-02-27 19:33:01,870 [INFO]   Page 158 | +50 new (50 fetched) | total: 7899 | hasNext: True
2026-02-27 19:33:02,918 [INFO]   Page 159 | +50 new (50 fetched) | total: 7949 | hasNext: True
2026-02-27 19:33:03,889 [INFO]   Page 160 | +50 new (50 fetched) | total: 7999 | hasNext: True
2026-02-27 19:33:04,892 [INFO]   Page 161 | +50 new (50 fetched) | total: 8049 | hasNext: True
2026-02-27 19:33:04,944 [INFO]   SAVED (8049 URLs)
2026-02-27 19:33:05,957 [INFO]   Page 162 | +50 new (50 fetched) | total: 8099 | hasNext: True
2026-02-27 19:33:06,996 [INFO]   Page 163 | +50 new (50 fetched) | total: 8149 | hasNext: True
2026-02-27 19:33:08,005 [INFO]   Page 164 | +50 new (50 fetched) | total: 8199 | hasNext: True
2026-02-27 19:33:08,981 [INFO]   Page 165 | +50 new (50 fetched) | total: 8249 | hasNext: True
2026-02-27 19:33:09,034 [INFO]   SAVED (8249 URLs)
2026-02-27 19:33:10,076 [INFO]   Page 166 | +50 new (50 fetched) | total: 8299 | hasNext: True
2026-02-27 19:33:11,089 [INFO]   Page 167 | +50 new (50 fetched) | total: 8349 | hasNext: True
2026-02-27 19:33:12,257 [INFO]   Page 168 | +50 new (50 fetched) | total: 8399 | hasNext: True
2026-02-27 19:33:13,287 [INFO]   Page 169 | +50 new (50 fetched) | total: 8449 | hasNext: True
2026-02-27 19:33:13,344 [INFO]   SAVED (8449 URLs)
2026-02-27 19:33:14,378 [INFO]   Page 170 | +50 new (50 fetched) | total: 8499 | hasNext: True
2026-02-27 19:33:15,382 [INFO]   Page 171 | +50 new (50 fetched) | total: 8549 | hasNext: True
2026-02-27 19:33:17,403 [INFO]   Page 172 | +50 new (50 fetched) | total: 8599 | hasNext: True
2026-02-27 19:33:18,758 [INFO]   Page 173 | +50 new (50 fetched) | total: 8649 | hasNext: True
2026-02-27 19:33:18,814 [INFO]   SAVED (8649 URLs)
2026-02-27 19:33:19,860 [INFO]   Page 174 | +50 new (50 fetched) | total: 8699 | hasNext: True
2026-02-27 19:33:21,011 [INFO]   Page 175 | +50 new (50 fetched) | total: 8749 | hasNext: True
2026-02-27 19:33:21,973 [INFO]   Page 176 | +27 new (27 fetched) | total: 8776 | hasNext: False
2026-02-27 19:33:21,974 [INFO] No more pages (hasNextPage=false)
2026-02-27 19:33:22,089 [INFO] 
2026-02-27 19:33:22,089 [INFO] ============================================================
2026-02-27 19:33:22,089 [INFO]   URL COLLECTION COMPLETE
2026-02-27 19:33:22,089 [INFO]   Total URLs:     8776
2026-02-27 19:33:22,089 [INFO]   New this run:   8776
2026-02-27 19:33:22,089 [INFO]   Existing kept:  0
2026-02-27 19:33:22,089 [INFO]   Pages fetched:  176
2026-02-27 19:33:22,089 [INFO]   Server total:   8777
2026-02-27 19:33:22,090 [INFO]   Saved to:       /Users/apple/Desktop/Techweer/SAUD BHAI/Scraping VC/data-fintech-seed/all_investor_urls.json
2026-02-27 19:33:22,090 [INFO] ============================================================
