2026-02-27 19:45:57,080 [INFO] ============================================================
2026-02-27 19:45:57,080 [INFO]   NFX SIGNAL - ENTERPRISE SEED URL COLLECTOR
2026-02-27 19:45:57,080 [INFO]   List slug: enterprise-seed
2026-02-27 19:45:57,080 [INFO]   Page size: 50
2026-02-27 19:45:57,080 [INFO] ============================================================
2026-02-27 19:45:57,080 [INFO] Loaded 0 existing URLs from disk
2026-02-27 19:45:57,827 [INFO] Server reports 6423 total investors
2026-02-27 19:45:57,827 [INFO]   Page 1 | +50 new (50 fetched) | total: 50 | hasNext: True
2026-02-27 19:45:58,805 [INFO]   Page 2 | +50 new (50 fetched) | total: 100 | hasNext: True
2026-02-27 19:45:59,761 [INFO]   Page 3 | +50 new (50 fetched) | total: 150 | hasNext: True
2026-02-27 19:46:01,133 [INFO]   Page 4 | +50 new (50 fetched) | total: 200 | hasNext: True
2026-02-27 19:46:01,135 [INFO]   SAVED (200 URLs)
2026-02-27 19:46:02,155 [INFO]   Page 5 | +50 new (50 fetched) | total: 250 | hasNext: True
2026-02-27 19:46:03,152 [INFO]   Page 6 | +50 new (50 fetched) | total: 300 | hasNext: True
2026-02-27 19:46:04,144 [INFO]   Page 7 | +50 new (50 fetched) | total: 350 | hasNext: True
2026-02-27 19:46:05,230 [INFO]   Page 8 | +50 new (50 fetched) | total: 400 | hasNext: True
2026-02-27 19:46:05,234 [INFO]   SAVED (400 URLs)
2026-02-27 19:46:06,267 [INFO]   Page 9 | +50 new (50 fetched) | total: 450 | hasNext: True
2026-02-27 19:46:07,356 [INFO]   Page 10 | +50 new (50 fetched) | total: 500 | hasNext: True
2026-02-27 19:46:08,305 [INFO]   Page 11 | +50 new (50 fetched) | total: 550 | hasNext: True
2026-02-27 19:46:09,272 [INFO]   Page 12 | +50 new (50 fetched) | total: 600 | hasNext: True
2026-02-27 19:46:09,277 [INFO]   SAVED (600 URLs)
2026-02-27 19:46:10,267 [INFO]   Page 13 | +50 new (50 fetched) | total: 650 | hasNext: True
2026-02-27 19:46:11,308 [INFO]   Page 14 | +50 new (50 fetched) | total: 700 | hasNext: True
2026-02-27 19:46:12,416 [INFO]   Page 15 | +50 new (50 fetched) | total: 750 | hasNext: True
2026-02-27 19:46:13,540 [INFO]   Page 16 | +50 new (50 fetched) | total: 800 | hasNext: True
2026-02-27 19:46:13,547 [INFO]   SAVED (800 URLs)
2026-02-27 19:46:14,930 [INFO]   Page 17 | +50 new (50 fetched) | total: 850 | hasNext: True
2026-02-27 19:46:15,921 [INFO]   Page 18 | +50 new (50 fetched) | total: 900 | hasNext: True
2026-02-27 19:46:16,900 [INFO]   Page 19 | +50 new (50 fetched) | total: 950 | hasNext: True
2026-02-27 19:46:18,111 [INFO]   Page 20 | +50 new (50 fetched) | total: 1000 | hasNext: True
2026-02-27 19:46:18,118 [INFO]   SAVED (1000 URLs)
2026-02-27 19:46:19,096 [INFO]   Page 21 | +50 new (50 fetched) | total: 1050 | hasNext: True
2026-02-27 19:46:20,681 [INFO]   Page 22 | +50 new (50 fetched) | total: 1100 | hasNext: True
2026-02-27 19:46:21,693 [INFO]   Page 23 | +50 new (50 fetched) | total: 1150 | hasNext: True
2026-02-27 19:46:22,720 [INFO]   Page 24 | +50 new (50 fetched) | total: 1200 | hasNext: True
2026-02-27 19:46:22,729 [INFO]   SAVED (1200 URLs)
2026-02-27 19:46:23,853 [INFO]   Page 25 | +50 new (50 fetched) | total: 1250 | hasNext: True
2026-02-27 19:46:24,868 [INFO]   Page 26 | +50 new (50 fetched) | total: 1300 | hasNext: True
2026-02-27 19:46:26,098 [INFO]   Page 27 | +50 new (50 fetched) | total: 1350 | hasNext: True
2026-02-27 19:46:27,656 [INFO]   Page 28 | +50 new (50 fetched) | total: 1400 | hasNext: True
2026-02-27 19:46:27,666 [INFO]   SAVED (1400 URLs)
2026-02-27 19:46:28,772 [INFO]   Page 29 | +50 new (50 fetched) | total: 1450 | hasNext: True
2026-02-27 19:46:29,938 [INFO]   Page 30 | +50 new (50 fetched) | total: 1500 | hasNext: True
2026-02-27 19:46:31,081 [INFO]   Page 31 | +50 new (50 fetched) | total: 1550 | hasNext: True
2026-02-27 19:46:32,064 [INFO]   Page 32 | +50 new (50 fetched) | total: 1600 | hasNext: True
2026-02-27 19:46:32,075 [INFO]   SAVED (1600 URLs)
2026-02-27 19:46:33,169 [INFO]   Page 33 | +50 new (50 fetched) | total: 1650 | hasNext: True
2026-02-27 19:46:34,184 [INFO]   Page 34 | +50 new (50 fetched) | total: 1700 | hasNext: True
2026-02-27 19:46:35,772 [INFO]   Page 35 | +50 new (50 fetched) | total: 1750 | hasNext: True
2026-02-27 19:46:36,866 [INFO]   Page 36 | +50 new (50 fetched) | total: 1800 | hasNext: True
2026-02-27 19:46:36,887 [INFO]   SAVED (1800 URLs)
2026-02-27 19:46:37,908 [INFO]   Page 37 | +50 new (50 fetched) | total: 1850 | hasNext: True
2026-02-27 19:46:38,931 [INFO]   Page 38 | +50 new (50 fetched) | total: 1900 | hasNext: True
2026-02-27 19:46:40,021 [INFO]   Page 39 | +50 new (50 fetched) | total: 1950 | hasNext: True
2026-02-27 19:46:41,004 [INFO]   Page 40 | +50 new (50 fetched) | total: 2000 | hasNext: True
2026-02-27 19:46:41,018 [INFO]   SAVED (2000 URLs)
2026-02-27 19:46:42,357 [INFO]   Page 41 | +50 new (50 fetched) | total: 2050 | hasNext: True
2026-02-27 19:46:44,612 [INFO]   Page 42 | +50 new (50 fetched) | total: 2100 | hasNext: True
2026-02-27 19:46:45,658 [INFO]   Page 43 | +50 new (50 fetched) | total: 2150 | hasNext: True
2026-02-27 19:46:47,566 [INFO]   Page 44 | +50 new (50 fetched) | total: 2200 | hasNext: True
2026-02-27 19:46:47,581 [INFO]   SAVED (2200 URLs)
2026-02-27 19:46:48,645 [INFO]   Page 45 | +50 new (50 fetched) | total: 2250 | hasNext: True
2026-02-27 19:46:49,971 [INFO]   Page 46 | +50 new (50 fetched) | total: 2300 | hasNext: True
2026-02-27 19:46:51,362 [INFO]   Page 47 | +50 new (50 fetched) | total: 2350 | hasNext: True
2026-02-27 19:46:52,850 [INFO]   Page 48 | +50 new (50 fetched) | total: 2400 | hasNext: True
2026-02-27 19:46:52,867 [INFO]   SAVED (2400 URLs)
2026-02-27 19:46:53,948 [INFO]   Page 49 | +50 new (50 fetched) | total: 2450 | hasNext: True
2026-02-27 19:46:54,907 [INFO]   Page 50 | +50 new (50 fetched) | total: 2500 | hasNext: True
2026-02-27 19:46:56,011 [INFO]   Page 51 | +50 new (50 fetched) | total: 2550 | hasNext: True
2026-02-27 19:46:57,025 [INFO]   Page 52 | +50 new (50 fetched) | total: 2600 | hasNext: True
2026-02-27 19:46:57,047 [INFO]   SAVED (2600 URLs)
2026-02-27 19:46:58,630 [INFO]   Page 53 | +50 new (50 fetched) | total: 2650 | hasNext: True
2026-02-27 19:47:00,209 [INFO]   Page 54 | +50 new (50 fetched) | total: 2700 | hasNext: True
2026-02-27 19:47:01,193 [INFO]   Page 55 | +50 new (50 fetched) | total: 2750 | hasNext: True
2026-02-27 19:47:02,199 [INFO]   Page 56 | +50 new (50 fetched) | total: 2800 | hasNext: True
2026-02-27 19:47:02,218 [INFO]   SAVED (2800 URLs)
2026-02-27 19:47:03,587 [INFO]   Page 57 | +50 new (50 fetched) | total: 2850 | hasNext: True
2026-02-27 19:47:04,838 [INFO]   Page 58 | +50 new (50 fetched) | total: 2900 | hasNext: True
2026-02-27 19:47:05,924 [INFO]   Page 59 | +50 new (50 fetched) | total: 2950 | hasNext: True
2026-02-27 19:47:07,143 [INFO]   Page 60 | +50 new (50 fetched) | total: 3000 | hasNext: True
2026-02-27 19:47:07,166 [INFO]   SAVED (3000 URLs)
2026-02-27 19:47:08,313 [INFO]   Page 61 | +50 new (50 fetched) | total: 3050 | hasNext: True
2026-02-27 19:47:09,451 [INFO]   Page 62 | +50 new (50 fetched) | total: 3100 | hasNext: True
2026-02-27 19:47:10,468 [INFO]   Page 63 | +50 new (50 fetched) | total: 3150 | hasNext: True
2026-02-27 19:47:11,509 [INFO]   Page 64 | +50 new (50 fetched) | total: 3200 | hasNext: True
2026-02-27 19:47:11,534 [INFO]   SAVED (3200 URLs)
2026-02-27 19:47:12,660 [INFO]   Page 65 | +50 new (50 fetched) | total: 3250 | hasNext: True
2026-02-27 19:47:13,640 [INFO]   Page 66 | +50 new (50 fetched) | total: 3300 | hasNext: True
2026-02-27 19:47:14,649 [INFO]   Page 67 | +50 new (50 fetched) | total: 3350 | hasNext: True
2026-02-27 19:47:15,776 [INFO]   Page 68 | +50 new (50 fetched) | total: 3400 | hasNext: True
2026-02-27 19:47:15,802 [INFO]   SAVED (3400 URLs)
2026-02-27 19:47:17,131 [INFO]   Page 69 | +50 new (50 fetched) | total: 3450 | hasNext: True
2026-02-27 19:47:19,338 [INFO]   Page 70 | +50 new (50 fetched) | total: 3500 | hasNext: True
2026-02-27 19:47:20,395 [INFO]   Page 71 | +50 new (50 fetched) | total: 3550 | hasNext: True
2026-02-27 19:47:21,707 [INFO]   Page 72 | +50 new (50 fetched) | total: 3600 | hasNext: True
2026-02-27 19:47:21,730 [INFO]   SAVED (3600 URLs)
2026-02-27 19:47:22,764 [INFO]   Page 73 | +50 new (50 fetched) | total: 3650 | hasNext: True
2026-02-27 19:47:23,869 [INFO]   Page 74 | +50 new (50 fetched) | total: 3700 | hasNext: True
2026-02-27 19:47:25,030 [INFO]   Page 75 | +50 new (50 fetched) | total: 3750 | hasNext: True
2026-02-27 19:47:26,111 [INFO]   Page 76 | +50 new (50 fetched) | total: 3800 | hasNext: True
2026-02-27 19:47:26,136 [INFO]   SAVED (3800 URLs)
2026-02-27 19:47:27,088 [INFO]   Page 77 | +50 new (50 fetched) | total: 3850 | hasNext: True
2026-02-27 19:47:28,141 [INFO]   Page 78 | +50 new (50 fetched) | total: 3900 | hasNext: True
2026-02-27 19:47:29,617 [INFO]   Page 79 | +50 new (50 fetched) | total: 3950 | hasNext: True
2026-02-27 19:47:30,658 [INFO]   Page 80 | +50 new (50 fetched) | total: 4000 | hasNext: True
2026-02-27 19:47:30,686 [INFO]   SAVED (4000 URLs)
2026-02-27 19:47:31,955 [INFO]   Page 81 | +50 new (50 fetched) | total: 4050 | hasNext: True
2026-02-27 19:47:32,975 [INFO]   Page 82 | +50 new (50 fetched) | total: 4100 | hasNext: True
2026-02-27 19:47:34,151 [INFO]   Page 83 | +50 new (50 fetched) | total: 4150 | hasNext: True
2026-02-27 19:47:35,209 [INFO]   Page 84 | +50 new (50 fetched) | total: 4200 | hasNext: True
2026-02-27 19:47:35,243 [INFO]   SAVED (4200 URLs)
2026-02-27 19:47:36,450 [INFO]   Page 85 | +50 new (50 fetched) | total: 4250 | hasNext: True
2026-02-27 19:47:37,589 [INFO]   Page 86 | +50 new (50 fetched) | total: 4300 | hasNext: True
2026-02-27 19:47:38,602 [INFO]   Page 87 | +50 new (50 fetched) | total: 4350 | hasNext: True
2026-02-27 19:47:39,707 [INFO]   Page 88 | +50 new (50 fetched) | total: 4400 | hasNext: True
2026-02-27 19:47:39,746 [INFO]   SAVED (4400 URLs)
2026-02-27 19:47:40,732 [INFO]   Page 89 | +50 new (50 fetched) | total: 4450 | hasNext: True
2026-02-27 19:47:41,876 [INFO]   Page 90 | +50 new (50 fetched) | total: 4500 | hasNext: True
2026-02-27 19:47:42,893 [INFO]   Page 91 | +50 new (50 fetched) | total: 4550 | hasNext: True
2026-02-27 19:47:43,933 [INFO]   Page 92 | +50 new (50 fetched) | total: 4600 | hasNext: True
2026-02-27 19:47:43,964 [INFO]   SAVED (4600 URLs)
2026-02-27 19:47:44,967 [INFO]   Page 93 | +50 new (50 fetched) | total: 4650 | hasNext: True
2026-02-27 19:47:46,107 [INFO]   Page 94 | +50 new (50 fetched) | total: 4700 | hasNext: True
2026-02-27 19:47:47,169 [INFO]   Page 95 | +50 new (50 fetched) | total: 4750 | hasNext: True
2026-02-27 19:47:48,230 [INFO]   Page 96 | +50 new (50 fetched) | total: 4800 | hasNext: True
2026-02-27 19:47:48,265 [INFO]   SAVED (4800 URLs)
2026-02-27 19:47:49,789 [INFO]   Page 97 | +50 new (50 fetched) | total: 4850 | hasNext: True
2026-02-27 19:47:50,813 [INFO]   Page 98 | +50 new (50 fetched) | total: 4900 | hasNext: True
2026-02-27 19:47:51,819 [INFO]   Page 99 | +50 new (50 fetched) | total: 4950 | hasNext: True
2026-02-27 19:47:52,953 [INFO]   Page 100 | +50 new (50 fetched) | total: 5000 | hasNext: True
2026-02-27 19:47:52,989 [INFO]   SAVED (5000 URLs)
2026-02-27 19:47:54,098 [INFO]   Page 101 | +50 new (50 fetched) | total: 5050 | hasNext: True
2026-02-27 19:47:55,171 [INFO]   Page 102 | +50 new (50 fetched) | total: 5100 | hasNext: True
2026-02-27 19:47:56,177 [INFO]   Page 103 | +50 new (50 fetched) | total: 5150 | hasNext: True
2026-02-27 19:47:57,354 [INFO]   Page 104 | +50 new (50 fetched) | total: 5200 | hasNext: True
2026-02-27 19:47:57,392 [INFO]   SAVED (5200 URLs)
2026-02-27 19:47:58,436 [INFO]   Page 105 | +50 new (50 fetched) | total: 5250 | hasNext: True
2026-02-27 19:47:59,405 [INFO]   Page 106 | +50 new (50 fetched) | total: 5300 | hasNext: True
2026-02-27 19:48:00,496 [INFO]   Page 107 | +50 new (50 fetched) | total: 5350 | hasNext: True
2026-02-27 19:48:01,472 [INFO]   Page 108 | +50 new (50 fetched) | total: 5400 | hasNext: True
2026-02-27 19:48:01,592 [INFO]   SAVED (5400 URLs)
2026-02-27 19:48:02,651 [INFO]   Page 109 | +50 new (50 fetched) | total: 5450 | hasNext: True
2026-02-27 19:48:03,626 [INFO]   Page 110 | +50 new (50 fetched) | total: 5500 | hasNext: True
2026-02-27 19:48:04,693 [INFO]   Page 111 | +50 new (50 fetched) | total: 5550 | hasNext: True
2026-02-27 19:48:05,725 [INFO]   Page 112 | +50 new (50 fetched) | total: 5600 | hasNext: True
2026-02-27 19:48:05,762 [INFO]   SAVED (5600 URLs)
2026-02-27 19:48:06,744 [INFO]   Page 113 | +50 new (50 fetched) | total: 5650 | hasNext: True
2026-02-27 19:48:07,897 [INFO]   Page 114 | +50 new (50 fetched) | total: 5700 | hasNext: True
2026-02-27 19:48:09,114 [INFO]   Page 115 | +50 new (50 fetched) | total: 5750 | hasNext: True
2026-02-27 19:48:10,130 [INFO]   Page 116 | +50 new (50 fetched) | total: 5800 | hasNext: True
2026-02-27 19:48:10,170 [INFO]   SAVED (5800 URLs)
2026-02-27 19:48:11,244 [INFO]   Page 117 | +50 new (50 fetched) | total: 5850 | hasNext: True
2026-02-27 19:48:12,379 [INFO]   Page 118 | +50 new (50 fetched) | total: 5900 | hasNext: True
2026-02-27 19:48:13,499 [INFO]   Page 119 | +50 new (50 fetched) | total: 5950 | hasNext: True
2026-02-27 19:48:14,571 [INFO]   Page 120 | +50 new (50 fetched) | total: 6000 | hasNext: True
2026-02-27 19:48:14,609 [INFO]   SAVED (6000 URLs)
2026-02-27 19:48:15,652 [INFO]   Page 121 | +50 new (50 fetched) | total: 6050 | hasNext: True
2026-02-27 19:48:16,670 [INFO]   Page 122 | +50 new (50 fetched) | total: 6100 | hasNext: True
2026-02-27 19:48:17,619 [INFO]   Page 123 | +50 new (50 fetched) | total: 6150 | hasNext: True
2026-02-27 19:48:18,783 [INFO]   Page 124 | +50 new (50 fetched) | total: 6200 | hasNext: True
2026-02-27 19:48:18,825 [INFO]   SAVED (6200 URLs)
2026-02-27 19:48:20,099 [INFO]   Page 125 | +50 new (50 fetched) | total: 6250 | hasNext: True
2026-02-27 19:48:21,292 [INFO]   Page 126 | +50 new (50 fetched) | total: 6300 | hasNext: True
2026-02-27 19:48:22,307 [INFO]   Page 127 | +50 new (50 fetched) | total: 6350 | hasNext: True
2026-02-27 19:48:23,290 [INFO]   Page 128 | +45 new (50 fetched) | total: 6395 | hasNext: True
2026-02-27 19:48:24,196 [INFO]   Page 129 | +15 new (23 fetched) | total: 6410 | hasNext: False
2026-02-27 19:48:24,241 [INFO]   SAVED (6410 URLs)
2026-02-27 19:48:24,241 [INFO] No more pages (hasNextPage=false)
2026-02-27 19:48:24,335 [INFO] 
2026-02-27 19:48:24,335 [INFO] ============================================================
2026-02-27 19:48:24,336 [INFO]   URL COLLECTION COMPLETE
2026-02-27 19:48:24,336 [INFO]   Total URLs:     6410
2026-02-27 19:48:24,336 [INFO]   New this run:   6410
2026-02-27 19:48:24,336 [INFO]   Existing kept:  0
2026-02-27 19:48:24,336 [INFO]   Pages fetched:  129
2026-02-27 19:48:24,336 [INFO]   Server total:   6423
2026-02-27 19:48:24,336 [INFO]   Saved to:       /Users/apple/Desktop/Techweer/SAUD BHAI/Scraping VC/data-enterprise-seed/all_investor_urls.json
2026-02-27 19:48:24,336 [INFO] ============================================================
