2026-02-25 23:54:55,189 [INFO] ============================================================
2026-02-25 23:54:55,189 [INFO]   NFX SIGNAL - RETRY REMAINING PROFILES
2026-02-25 23:54:55,189 [INFO]   Already on disk:  2805
2026-02-25 23:54:55,189 [INFO]   Remaining:        388
2026-02-25 23:54:55,189 [INFO] ============================================================
2026-02-25 23:55:01,090 [INFO]   [1/388] Scraping peggy-zhou...
2026-02-25 23:55:08,735 [INFO]     OK - Peggy Zhou
2026-02-25 23:55:17,170 [INFO]   [2/388] Scraping mehmet-onarcan...
2026-02-25 23:55:23,669 [INFO]     OK - Mehmet Onarcan
2026-02-25 23:55:32,089 [INFO]   [3/388] Scraping reima-linnanvirta...
2026-02-25 23:55:39,373 [INFO]     OK - Reima Linnanvirta
2026-02-25 23:55:45,535 [INFO]   [4/388] Scraping yan-david-erlich...
2026-02-25 23:55:53,297 [INFO]     OK - Yan-David Erlich
2026-02-25 23:56:00,780 [INFO]   [5/388] Scraping gero-klingler...
2026-02-25 23:56:08,911 [INFO]     OK - Gero Klingler
2026-02-25 23:56:16,295 [INFO]   [6/388] Scraping matthew-davie...
2026-02-25 23:56:23,644 [INFO]     OK - Matthew Davie
2026-02-25 23:56:30,072 [INFO]   [7/388] Scraping trent-mano...
2026-02-25 23:56:38,072 [INFO]     OK - Trent Mano
2026-02-25 23:56:45,699 [INFO]   [8/388] Scraping matthew-mengerink...
2026-02-25 23:56:52,855 [INFO]     OK - Matthew Mengerink
2026-02-25 23:57:01,468 [INFO]   [9/388] Scraping tony-gentile...
2026-02-25 23:57:07,876 [INFO]     OK - Tony Gentile
2026-02-25 23:57:14,887 [INFO]   [10/388] Scraping sean-huckstep...
2026-02-25 23:57:21,967 [INFO]     OK - Sean Huckstep
2026-02-25 23:57:28,276 [INFO]   [11/388] Scraping tim-sanchez...
2026-02-25 23:57:35,060 [INFO]     OK - Tim Sanchez
2026-02-25 23:57:41,766 [INFO]   [12/388] Scraping tom-chi...
2026-02-25 23:57:48,414 [INFO]     OK - Tom Chi
2026-02-25 23:57:55,642 [INFO]   [13/388] Scraping nick-allen...
2026-02-25 23:58:02,070 [INFO]     OK - Nick Allen
2026-02-25 23:58:08,865 [INFO]   [14/388] Scraping matej-micek...
2026-02-25 23:58:16,142 [INFO]     OK - Matěj Micek
2026-02-25 23:58:25,073 [INFO]   [15/388] Scraping paul-njoroge...
2026-02-25 23:58:31,569 [INFO]     OK - Paul Njoroge
2026-02-25 23:58:39,738 [INFO]   [16/388] Scraping ricardo-carvalho_2...
2026-02-25 23:58:46,643 [INFO]     OK - Ricardo Carvalho
2026-02-25 23:58:54,641 [INFO]   [17/388] Scraping melissa-frakman...
2026-02-25 23:59:02,217 [INFO]     OK - Melissa Frakman
2026-02-25 23:59:10,826 [INFO]   [18/388] Scraping ramzi-rafih...
2026-02-25 23:59:17,643 [INFO]     OK - Ramzi Rafih
2026-02-25 23:59:25,311 [INFO]   [19/388] Scraping rick-prostko...
2026-02-25 23:59:32,098 [INFO]     OK - Rick Prostko
2026-02-25 23:59:39,713 [INFO]   [20/388] Scraping sarah-fay...
2026-02-25 23:59:46,412 [INFO]     OK - Sarah Fay
2026-02-25 23:59:54,699 [INFO]   [21/388] Scraping yee-lee...
2026-02-26 00:00:01,236 [INFO]     OK - Yee Lee
2026-02-26 00:00:09,465 [INFO]   [22/388] Scraping wouter-gort...
2026-02-26 00:00:16,449 [INFO]     OK - Wouter Gort
2026-02-26 00:00:23,575 [INFO]   [23/388] Scraping ritabrata-m...
2026-02-26 00:00:30,336 [INFO]     OK - Ritabrata M.
2026-02-26 00:00:38,283 [INFO]   [24/388] Scraping lars-fjeldsoe-nielsen...
2026-02-26 00:00:45,274 [INFO]     OK - Lars Fjeldsoe-Nielsen
2026-02-26 00:00:53,495 [INFO]   [25/388] Scraping rob-jones...
2026-02-26 00:01:00,164 [INFO]     OK - Rob Jones
2026-02-26 00:01:00,164 [INFO]   Restarting browser (every 25 profiles)...
2026-02-26 00:02:00,543 [INFO]   [26/388] Scraping steve-johnston_2...
2026-02-26 00:02:07,766 [INFO]     OK - Steve Johnston
2026-02-26 00:02:15,529 [INFO]   [27/388] Scraping matthew-lloyd-thomas...
2026-02-26 00:02:22,263 [INFO]     OK - Matthew Lloyd-Thomas
2026-02-26 00:02:29,508 [INFO]   [28/388] Scraping julie-greco...
2026-02-26 00:02:36,245 [INFO]     OK - Julie Greco
2026-02-26 00:02:42,394 [INFO]   [29/388] Scraping tomas-guida...
2026-02-26 00:02:49,385 [INFO]     OK - Tomás Güida
2026-02-26 00:02:56,416 [INFO]   [30/388] Scraping felipe-feffer...
2026-02-26 00:03:03,591 [INFO]     OK - Felipe Feffer
2026-02-26 00:03:10,177 [INFO]   [31/388] Scraping sarah-finegan...
2026-02-26 00:03:17,469 [INFO]     OK - Sarah Finegan
2026-02-26 00:03:24,721 [INFO]   [32/388] Scraping yaniv-gelnik...
2026-02-26 00:03:31,563 [INFO]     OK - Yaniv Gelnik
2026-02-26 00:03:39,965 [INFO]   [33/388] Scraping charlie-graham-brown...
2026-02-26 00:03:47,260 [INFO]     OK - Charlie Graham-Brown
2026-02-26 00:03:55,067 [INFO]   [34/388] Scraping niall-wass...
2026-02-26 00:04:02,351 [INFO]     OK - Niall Wass
2026-02-26 00:04:09,115 [INFO]   [35/388] Scraping stephen-kawaja...
2026-02-26 00:04:14,436 [INFO]     OK - Stephen Kawaja
2026-02-26 00:04:21,754 [INFO]   [36/388] Scraping erik-jonsson...
2026-02-26 00:04:28,926 [INFO]     OK - Erik Jonsson
2026-02-26 00:04:36,123 [INFO]   [37/388] Scraping rob-taylor...
2026-02-26 00:04:43,149 [INFO]     OK - Rob Taylor
2026-02-26 00:04:51,728 [INFO]   [38/388] Scraping brian-thomas...
2026-02-26 00:04:59,126 [INFO]     OK - Brian Thomas
2026-02-26 00:05:07,508 [INFO]   [39/388] Scraping robert-cohen_1...
2026-02-26 00:05:14,288 [INFO]     OK - Robert Cohen
2026-02-26 00:05:23,193 [INFO]   [40/388] Scraping samuel-minkin...
2026-02-26 00:05:28,189 [INFO]     OK - Samuel Minkin
2026-02-26 00:05:35,946 [INFO]   [41/388] Scraping scott-hilleboe...
2026-02-26 00:05:42,565 [INFO]     OK - Scott Hilleboe
2026-02-26 00:05:50,311 [INFO]   [42/388] Scraping julian-roeoes...
2026-02-26 00:05:57,190 [INFO]     OK - Julian Roeoes
2026-02-26 00:06:04,948 [INFO]   [43/388] Scraping matt-mickiewicz_1...
2026-02-26 00:06:12,256 [INFO]     OK - Matt Mickiewicz
2026-02-26 00:06:18,700 [INFO]   [44/388] Scraping nick-helberger...
2026-02-26 00:06:25,865 [INFO]     OK - Nick Helberger
2026-02-26 00:06:34,309 [INFO]   [45/388] Scraping santos-nagore...
2026-02-26 00:06:41,240 [INFO]     OK - Santos Nagore
2026-02-26 00:06:47,264 [INFO]   [46/388] Scraping maureen-sullivan...
2026-02-26 00:06:54,360 [INFO]     OK - Maureen Sullivan
2026-02-26 00:07:02,017 [INFO]   [47/388] Scraping max-kardon...
2026-02-26 00:07:08,672 [INFO]     OK - Max Kardon
2026-02-26 00:07:17,220 [INFO]   [48/388] Scraping mathieu-hecquet...
2026-02-26 00:07:24,259 [INFO]     OK - Mathieu Hecquet
2026-02-26 00:07:32,410 [INFO]   [49/388] Scraping chris-moore...
2026-02-26 00:07:38,894 [INFO]     OK - Chris Moore
2026-02-26 00:07:46,842 [INFO]   [50/388] Scraping landon-baker...
2026-02-26 00:07:53,977 [INFO]     OK - Landon Baker
2026-02-26 00:07:53,982 [INFO]   Restarting browser (every 25 profiles)...
2026-02-26 00:08:54,330 [INFO]   [51/388] Scraping chris-jennings...
2026-02-26 00:09:01,966 [INFO]     OK - Chris Jennings
2026-02-26 00:09:09,965 [INFO]   [52/388] Scraping steve-hale...
2026-02-26 00:09:17,169 [INFO]     OK - Steve Hale
2026-02-26 00:09:25,398 [INFO]   [53/388] Scraping manuel-aleixo...
2026-02-26 00:09:32,510 [INFO]     OK - Manuel Aleixo
2026-02-26 00:09:40,035 [INFO]   [54/388] Scraping samuel-kad-bay_1...
2026-02-26 00:09:46,980 [INFO]     OK - Samuel Kad-Bay
2026-02-26 00:09:54,145 [INFO]   [55/388] Scraping tobias-neveling...
2026-02-26 00:10:01,209 [INFO]     OK - Tobias Neveling
2026-02-26 00:10:09,551 [INFO]   [56/388] Scraping natala-menezes...
2026-02-26 00:10:16,342 [INFO]     OK - Natala Menezes
2026-02-26 00:10:23,751 [INFO]   [57/388] Scraping paul-scheuschner_1...
2026-02-26 00:10:30,810 [INFO]     OK - Paul Scheuschner
2026-02-26 00:10:37,460 [INFO]   [58/388] Scraping samit-kalra...
2026-02-26 00:10:44,823 [INFO]     OK - Samit Kalra
2026-02-26 00:10:51,964 [INFO]   [59/388] Scraping matt-hastings...
2026-02-26 00:10:58,551 [INFO]     OK - Matt Hastings
2026-02-26 00:11:06,361 [INFO]   [60/388] Scraping timothee-garcenot...
2026-02-26 00:11:13,508 [INFO]     OK - Timothée Garcenot
2026-02-26 00:11:20,883 [INFO]   [61/388] Scraping vivian-graves...
2026-02-26 00:11:27,649 [INFO]     OK - Vivian Graves
2026-02-26 00:11:34,161 [INFO]   [62/388] Scraping jeff-pinksa...
2026-02-26 00:11:40,849 [INFO]     OK - Jeff Pinksa
2026-02-26 00:11:49,722 [INFO]   [63/388] Scraping tony-bulcaen...
2026-02-26 00:11:57,274 [INFO]     OK - Tony Bulcaen
2026-02-26 00:12:05,893 [INFO]   [64/388] Scraping rio-hodges_2...
2026-02-26 00:12:12,797 [INFO]     OK - Rio Hodges
2026-02-26 00:12:19,403 [INFO]   [65/388] Scraping richard-kimball...
2026-02-26 00:12:26,156 [INFO]     OK - Richard Kimball
2026-02-26 00:12:32,481 [INFO]   [66/388] Scraping selene-diaz...
2026-02-26 00:12:39,448 [INFO]     OK - Selene Diaz
2026-02-26 00:12:48,199 [INFO]   [67/388] Scraping timothy-cartwright...
2026-02-26 00:12:54,725 [INFO]     OK - Timothy Cartwright
2026-02-26 00:13:03,449 [INFO]   [68/388] Scraping ethel-chen...
2026-02-26 00:13:09,748 [INFO]     OK - Ethel Chen
2026-02-26 00:13:16,331 [INFO]   [69/388] Scraping sanna-westman...
2026-02-26 00:13:22,975 [INFO]     OK - Sanna Westman
2026-02-26 00:13:30,324 [INFO]   [70/388] Scraping steve-aoki...
2026-02-26 00:13:36,846 [INFO]     OK - Steve Aoki
2026-02-26 00:13:45,757 [INFO]   [71/388] Scraping pavan-nigam...
2026-02-26 00:13:52,387 [INFO]     OK - Pavan Nigam
2026-02-26 00:13:59,153 [INFO]   [72/388] Scraping frederik-fuglsbjerg...
2026-02-26 00:14:05,604 [INFO]     OK - Frederik Fuglsbjerg
2026-02-26 00:14:13,391 [INFO]   [73/388] Scraping julie-fedele...
2026-02-26 00:14:20,003 [INFO]     OK - Julie Fedele
2026-02-26 00:14:27,376 [INFO]   [74/388] Scraping jerry-bellman...
2026-02-26 00:15:04,622 [INFO]     OK - Jerry Bellman
2026-02-26 00:15:11,348 [INFO]   [75/388] Scraping scott-paul...
2026-02-26 00:15:17,157 [INFO]     OK - scott paul
2026-02-26 00:15:17,157 [INFO]   Restarting browser (every 25 profiles)...
2026-02-26 00:16:17,475 [INFO]   [76/388] Scraping frederic-humbert...
2026-02-26 00:16:25,077 [INFO]     OK - Frederic Humbert
2026-02-26 00:16:33,925 [INFO]   [77/388] Scraping natarajan-subbiah...
2026-02-26 00:16:38,920 [INFO]     OK - Natarajan Subbiah
2026-02-26 00:16:46,606 [INFO]   [78/388] Scraping nathan-boublil...
2026-02-26 00:16:53,409 [INFO]     OK - Nathan Boublil
2026-02-26 00:17:00,405 [INFO]   [79/388] Scraping thomas-petersen...
2026-02-26 00:18:00,489 [WARNING]     FAIL - Page.goto: Timeout 60000ms exceeded.
Call log:
  - navigating to "https://signal.nfx.com/investors/thomas-petersen", waiting until "domcontentloaded"

2026-02-26 00:18:07,341 [INFO]   [80/388] Scraping steve-schaffer...
2026-02-26 00:18:14,028 [INFO]     OK - Steve Schaffer
2026-02-26 00:18:20,503 [INFO]   [81/388] Scraping xavier-bailleres-zambrano...
2026-02-26 00:18:27,283 [INFO]     OK - Xavier Baillères Zambrano
2026-02-26 00:18:33,305 [INFO]   [82/388] Scraping may-li...
2026-02-26 00:18:39,853 [INFO]     OK - May  Li
2026-02-26 00:18:46,333 [INFO]   [83/388] Scraping jeffy-joseph...
2026-02-26 00:18:53,394 [INFO]     OK - Jeffy Joseph
2026-02-26 00:18:59,779 [INFO]   [84/388] Scraping emir-talu...
2026-02-26 00:19:06,436 [INFO]     OK - Emir Talu
2026-02-26 00:19:12,992 [INFO]   [85/388] Scraping guillaume-ancel...
2026-02-26 00:19:19,740 [INFO]     OK - Guillaume ANCEL
2026-02-26 00:19:28,407 [INFO]   [86/388] Scraping mary-tobin...
2026-02-26 00:19:35,935 [INFO]     OK - Mary Tobin
2026-02-26 00:19:43,008 [INFO]   [87/388] Scraping timothy-gernitis...
2026-02-26 00:19:49,601 [INFO]     OK - Timothy Gernitis
2026-02-26 00:19:57,206 [INFO]   [88/388] Scraping jerome-faul...
2026-02-26 00:20:03,996 [INFO]     OK - Jerome Faul
2026-02-26 00:20:11,276 [INFO]   [89/388] Scraping mary-alcantara...
2026-02-26 00:20:18,176 [INFO]     OK - Mary Alcantara
2026-02-26 00:20:24,908 [INFO]   [90/388] Scraping sebastien-matykowski...
2026-02-26 00:20:32,006 [INFO]     OK - Sébastien Matykowski
2026-02-26 00:20:39,068 [INFO]   [91/388] Scraping yavuzhan-yilancioglu...
2026-02-26 00:20:46,439 [INFO]     OK - Yavuzhan Yilancioglu
2026-02-26 00:20:52,606 [INFO]   [92/388] Scraping natalie-hubbard...
2026-02-26 00:20:59,978 [INFO]     OK - Natalie Hubbard
2026-02-26 00:21:07,852 [INFO]   [93/388] Scraping pavel-danilov...
2026-02-26 00:21:14,968 [INFO]     OK - Pavel Danilov
2026-02-26 00:21:22,200 [INFO]   [94/388] Scraping erhan-bilici...
2026-02-26 00:21:29,402 [INFO]     OK - Erhan Bilici
2026-02-26 00:21:36,241 [INFO]   [95/388] Scraping fidji-simo...
2026-02-26 00:21:43,227 [INFO]     OK - Fidji Simo
2026-02-26 00:21:50,799 [INFO]   [96/388] Scraping sandy-foster...
2026-02-26 00:21:57,966 [INFO]     OK - Sandy Foster
2026-02-26 00:22:05,357 [INFO]   [97/388] Scraping julian-sevillano_1...
2026-02-26 00:22:12,473 [INFO]     OK - Julian Sevillano
2026-02-26 00:22:20,874 [INFO]   [98/388] Scraping matt-heiman...
2026-02-26 00:22:27,796 [INFO]     OK - Matt Heiman
2026-02-26 00:22:36,331 [INFO]   [99/388] Scraping emma-schepers...
2026-02-26 00:22:43,430 [INFO]     OK - Emma Schepers
2026-02-26 00:22:50,465 [INFO]   [100/388] Scraping matias-negrotto...
2026-02-26 00:22:57,183 [INFO]     OK - Matías Negrotto
2026-02-26 00:22:57,188 [INFO]   Restarting browser (every 25 profiles)...
2026-02-26 00:23:57,605 [INFO]   [101/388] Scraping jeffrey-blackburn...
2026-02-26 00:24:04,577 [INFO]     OK - Jeffrey Blackburn
2026-02-26 00:24:12,122 [INFO]   [102/388] Scraping euryale-chatelard...
2026-02-26 00:24:19,074 [INFO]     OK - Euryale Chatelard
2026-02-26 00:24:25,612 [INFO]   [103/388] Scraping hugo-fernandez-mardomingo...
2026-02-26 00:24:32,392 [INFO]     OK - Hugo Fernández-Mardomingo
2026-02-26 00:24:38,789 [INFO]   [104/388] Scraping peter-barth...
2026-02-26 00:24:45,472 [INFO]     OK - Peter Barth
2026-02-26 00:24:54,266 [INFO]   [105/388] Scraping eric-x...
2026-02-26 00:25:00,895 [INFO]     OK - Eric X.
2026-02-26 00:25:07,925 [INFO]   [106/388] Scraping hunter-schenewark...
2026-02-26 00:25:26,015 [INFO]     OK - Hunter Schenewark
2026-02-26 00:25:34,828 [INFO]   [107/388] Scraping pavel-gurianov...
2026-02-26 00:25:41,694 [INFO]     OK - Pavel Gurianov
2026-02-26 00:25:49,526 [INFO]   [108/388] Scraping martin-mollmann...
2026-02-26 00:25:56,335 [INFO]     OK - Martin Möllmann
2026-02-26 00:26:02,956 [INFO]   [109/388] Scraping martin-crowley...
2026-02-26 00:26:09,799 [INFO]     OK - Martin Crowley
2026-02-26 00:26:18,607 [INFO]   [110/388] Scraping yaniv-ben-atia...
2026-02-26 00:26:25,816 [INFO]     OK - Yaniv Ben-Atia
2026-02-26 00:26:32,655 [INFO]   [111/388] Scraping fernando-barragan...
2026-02-26 00:26:39,315 [INFO]     OK - Fernando Barragán
2026-02-26 00:26:46,863 [INFO]   [112/388] Scraping richard-gu...
2026-02-26 00:26:52,038 [INFO]     OK - Richard Gu
2026-02-26 00:27:00,868 [INFO]   [113/388] Scraping steve-gledden...
2026-02-26 00:27:07,813 [INFO]     OK - Steve Gledden
2026-02-26 00:27:14,370 [INFO]   [114/388] Scraping neha-komma...
2026-02-26 00:27:21,274 [INFO]     OK - Neha Komma
2026-02-26 00:27:30,091 [INFO]   [115/388] Scraping yair-shafir...
2026-02-26 00:27:37,129 [INFO]     OK - Yair Shafir
2026-02-26 00:27:44,873 [INFO]   [116/388] Scraping matt-lautz...
2026-02-26 00:27:51,698 [INFO]     OK - Matt Lautz
2026-02-26 00:27:58,956 [INFO]   [117/388] Scraping rob-chesnut...
2026-02-26 00:28:05,890 [INFO]     OK - Rob Chesnut
2026-02-26 00:28:14,220 [INFO]   [118/388] Scraping mateo-tiberghien...
2026-02-26 00:28:21,457 [INFO]     OK - Mateo Tiberghien
2026-02-26 00:28:28,396 [INFO]   [119/388] Scraping scott-waddell...
2026-02-26 00:28:34,968 [INFO]     OK - Scott Waddell
2026-02-26 00:28:42,413 [INFO]   [120/388] Scraping tony-xu_1...
2026-02-26 00:28:49,191 [INFO]     OK - Tony Xu
2026-02-26 00:28:55,419 [INFO]   [121/388] Scraping magnus-marker...
2026-02-26 00:29:02,135 [INFO]     OK - Magnus Marker
2026-02-26 00:29:08,208 [INFO]   [122/388] Scraping maurice-maschmeyer...
2026-02-26 00:29:15,375 [INFO]     OK - Maurice Maschmeyer
2026-02-26 00:29:24,098 [INFO]   [123/388] Scraping matteo-fortunato-condello...
2026-02-26 00:29:30,663 [INFO]     OK - Matteo Fortunato Condello
2026-02-26 00:29:39,208 [INFO]   [124/388] Scraping mathews-ndubi...
2026-02-26 00:29:46,006 [INFO]     OK - Mathews Ndubi
2026-02-26 00:29:53,824 [INFO]   [125/388] Scraping martin-schrimpff...
2026-02-26 00:30:00,696 [INFO]     OK - Martin Schrimpff
2026-02-26 00:30:00,696 [INFO]   Restarting browser (every 25 profiles)...
2026-02-26 00:31:01,123 [INFO]   [126/388] Scraping steve-beck_1...
2026-02-26 00:31:11,116 [INFO]     OK - Steve Beck
2026-02-26 00:31:17,496 [INFO]   [127/388] Scraping naguib-sawiris...
2026-02-26 00:31:24,318 [INFO]     OK - Naguib Sawiris
2026-02-26 00:31:33,008 [INFO]   [128/388] Scraping mathieu-azorin...
2026-02-26 00:31:40,180 [INFO]     OK - Mathieu Azorin
2026-02-26 00:31:48,613 [INFO]   [129/388] Scraping pawel-chudzinski...
2026-02-26 00:31:55,653 [INFO]     OK - Pawel Chudzinski
2026-02-26 00:32:01,888 [INFO]   [130/388] Scraping riley-friedenberg...
2026-02-26 00:32:08,870 [INFO]     OK - Riley Friedenberg
2026-02-26 00:32:17,301 [INFO]   [131/388] Scraping rick-winfield...
2026-02-26 00:32:24,328 [INFO]     OK - Rick Winfield
2026-02-26 00:32:31,963 [INFO]   [132/388] Scraping peeter-kompus...
2026-02-26 00:32:39,266 [INFO]     OK - Peeter Kompus
2026-02-26 00:32:45,893 [INFO]   [133/388] Scraping paulina-vachet...
2026-02-26 00:32:52,642 [INFO]     OK - Paulina Vachet
2026-02-26 00:33:01,135 [INFO]   [134/388] Scraping jeff-vyduna...
2026-02-26 00:33:08,040 [INFO]     OK - Jeff Vyduna
2026-02-26 00:33:16,894 [INFO]   [135/388] Scraping nancy-hua...
2026-02-26 00:33:23,818 [INFO]     OK - Nancy Hua
2026-02-26 00:33:32,361 [INFO]   [136/388] Scraping vivek-ladsariya...
2026-02-26 00:33:39,376 [INFO]     OK - Vivek Ladsariya
2026-02-26 00:33:48,301 [INFO]   [137/388] Scraping richard-hughes...
2026-02-26 00:33:55,340 [INFO]     OK - Richard Hughes
2026-02-26 00:34:03,253 [INFO]   [138/388] Scraping santos-quirno...
2026-02-26 00:34:10,000 [INFO]     OK - Santos Quirno
2026-02-26 00:34:17,922 [INFO]   [139/388] Scraping nick-pinto...
2026-02-26 00:34:24,725 [INFO]     OK - Nick Pinto
2026-02-26 00:34:32,427 [INFO]   [140/388] Scraping naza-metghalchi...
2026-02-26 00:34:39,121 [INFO]     OK - Naza Metghalchi
2026-02-26 00:34:46,849 [INFO]   [141/388] Scraping touraj-parang...
2026-02-26 00:34:53,493 [INFO]     OK - Touraj Parang
2026-02-26 00:35:00,884 [INFO]   [142/388] Scraping rob-rueckert...
2026-02-26 00:35:05,831 [INFO]     OK - Rob Rueckert
2026-02-26 00:35:12,488 [INFO]   [143/388] Scraping flavia-pini...
2026-02-26 00:35:19,204 [INFO]     OK - Flávia Pini
2026-02-26 00:35:27,782 [INFO]   [144/388] Scraping mary-lin_1...
2026-02-26 00:35:34,858 [INFO]     OK - Mary Lin
2026-02-26 00:35:43,592 [INFO]   [145/388] Scraping jeremy-najjar...
2026-02-26 00:35:50,216 [INFO]     OK - Jeremy Najjar
2026-02-26 00:35:56,682 [INFO]   [146/388] Scraping peter-boyce-ii...
2026-02-26 00:36:03,485 [INFO]     OK - Peter Boyce II
2026-02-26 00:36:10,014 [INFO]   [147/388] Scraping steven-cohen...
2026-02-26 00:36:16,916 [INFO]     OK - steven cohen
2026-02-26 00:36:22,965 [INFO]   [148/388] Scraping tim-o-shea...
2026-02-26 00:36:29,596 [INFO]     OK - Tim O'Shea
2026-02-26 00:36:36,670 [INFO]   [149/388] Scraping melih-odemis...
2026-02-26 00:36:43,698 [INFO]     OK - Melih Odemis
2026-02-26 00:36:50,905 [INFO]   [150/388] Scraping romane-loze...
2026-02-26 00:36:57,541 [INFO]     OK - Romane Lozé
2026-02-26 00:36:57,545 [INFO]   Restarting browser (every 25 profiles)...
2026-02-26 00:37:57,917 [INFO]   [151/388] Scraping scott-schwarzhoff...
2026-02-26 00:38:05,190 [INFO]     OK - Scott Schwarzhoff
2026-02-26 00:38:14,038 [INFO]   [152/388] Scraping richard-ling...
2026-02-26 00:38:21,555 [INFO]     OK - Richard Lin
2026-02-26 00:38:30,447 [INFO]   [153/388] Scraping tom-staggs...
2026-02-26 00:38:37,402 [INFO]     OK - Tom Staggs
2026-02-26 00:38:45,831 [INFO]   [154/388] Scraping julie-dodd...
2026-02-26 00:38:52,815 [INFO]     OK - Julie Dodd
2026-02-26 00:38:59,177 [INFO]   [155/388] Scraping marguerite-de-tavernost...
2026-02-26 00:39:06,162 [INFO]     OK - Marguerite de Tavernost
2026-02-26 00:39:13,940 [INFO]   [156/388] Scraping mart-de-haar...
2026-02-26 00:39:20,905 [INFO]     OK - Mart de Haar
2026-02-26 00:39:28,733 [INFO]   [157/388] Scraping peter-bordes_1...
2026-02-26 00:39:36,449 [INFO]     OK - Peter Bordes
2026-02-26 00:39:43,427 [INFO]   [158/388] Scraping charles-letourneur...
2026-02-26 00:39:50,076 [INFO]     OK - Charles Letourneur
2026-02-26 00:39:57,688 [INFO]   [159/388] Scraping paul-palmieri...
2026-02-26 00:40:04,534 [INFO]     OK - Paul Palmieri
2026-02-26 00:40:11,321 [INFO]   [160/388] Scraping eugene-chepil...
2026-02-26 00:40:17,953 [INFO]     OK - Eugene Chepil
2026-02-26 00:40:25,935 [INFO]   [161/388] Scraping pedro-vitor-tucci...
2026-02-26 00:40:32,530 [INFO]     OK - Pedro Vitor Tucci
2026-02-26 00:40:38,811 [INFO]   [162/388] Scraping vivek-manocha...
2026-02-26 00:40:45,290 [INFO]     OK - Vivek Manocha
2026-02-26 00:40:52,309 [INFO]   [163/388] Scraping emily-coffin...
2026-02-26 00:40:58,805 [INFO]     OK - Emily Coffin
2026-02-26 00:41:06,409 [INFO]   [164/388] Scraping pehong-chen...
2026-02-26 00:41:12,923 [INFO]     OK - Pehong Chen
2026-02-26 00:41:20,425 [INFO]   [165/388] Scraping erik-budde...
2026-02-26 00:41:26,938 [INFO]     OK - Erik Budde
2026-02-26 00:41:33,669 [INFO]   [166/388] Scraping matthias-breil...
2026-02-26 00:41:40,678 [INFO]     OK - Matthias Breil
2026-02-26 00:41:48,898 [INFO]   [167/388] Scraping steve-farsht...
2026-02-26 00:41:59,727 [INFO]     OK - Steve Farsht
2026-02-26 00:42:07,078 [INFO]   [168/388] Scraping paulo-piccini...
2026-02-26 00:42:13,856 [INFO]     OK - Paulo Piccini
2026-02-26 00:42:22,679 [INFO]   [169/388] Scraping christian-bjerre-kusk...
2026-02-26 00:42:29,592 [INFO]     OK - Christian Bjerre Kusk
2026-02-26 00:42:36,529 [INFO]   [170/388] Scraping toke-soyebo-c...
2026-02-26 00:42:43,222 [INFO]     OK - Toke Soyebo, C.
2026-02-26 00:42:49,676 [INFO]   [171/388] Scraping neha-reddy...
2026-02-26 00:42:56,417 [INFO]     OK - Neha Reddy
2026-02-26 00:43:03,938 [INFO]   [172/388] Scraping max-luo...
2026-02-26 00:43:10,599 [INFO]     OK - Max Luo
2026-02-26 00:43:17,389 [INFO]   [173/388] Scraping merce-tell...
2026-02-26 00:43:25,875 [INFO]     OK - Mercè Tell
2026-02-26 00:43:34,207 [INFO]   [174/388] Scraping martin-henk...
2026-02-26 00:43:41,352 [INFO]     OK - Martin Henk
2026-02-26 00:43:49,289 [INFO]   [175/388] Scraping fredrik-bjork...
2026-02-26 00:43:55,831 [INFO]     OK - Fredrik Björk
2026-02-26 00:43:55,831 [INFO]   Restarting browser (every 25 profiles)...
2026-02-26 00:44:56,173 [INFO]   [176/388] Scraping gerald-parloiu...
2026-02-26 00:45:03,245 [INFO]     OK - Gerald Parloiu
2026-02-26 00:45:10,528 [INFO]   [177/388] Scraping steve-taylor...
2026-02-26 00:45:20,314 [INFO]     OK - Steve Taylor
2026-02-26 00:45:28,656 [INFO]   [178/388] Scraping peder-aaby...
2026-02-26 00:45:35,606 [INFO]     OK - Peder Aaby
2026-02-26 00:45:42,757 [INFO]   [179/388] Scraping jeff-stowell...
2026-02-26 00:45:49,744 [INFO]     OK - Jeff Stowell
2026-02-26 00:45:57,017 [INFO]   [180/388] Scraping matt-shroder...
2026-02-26 00:46:03,757 [INFO]     OK - Matt Shroder
2026-02-26 00:46:12,140 [INFO]   [181/388] Scraping manuel-antunes...
2026-02-26 00:46:18,951 [INFO]     OK - Manuel Antunes
2026-02-26 00:46:27,806 [INFO]   [182/388] Scraping nick-mccann...
2026-02-26 00:46:34,010 [INFO]     OK - Nick McCann
2026-02-26 00:46:42,663 [INFO]   [183/388] Scraping max-peterson...
2026-02-26 00:46:49,805 [INFO]     OK - Max Peterson
2026-02-26 00:46:57,270 [INFO]   [184/388] Scraping matheus-schettini...
2026-02-26 00:47:04,365 [INFO]     OK - Matheus Schettini
2026-02-26 00:47:13,199 [INFO]   [185/388] Scraping magomed-musaev...
2026-02-26 00:47:19,845 [INFO]     OK - Magomed Musaev
2026-02-26 00:47:26,164 [INFO]   [186/388] Scraping chloe-bonnet...
2026-02-26 00:47:33,051 [INFO]     OK - Chloé Bonnet
2026-02-26 00:47:40,345 [INFO]   [187/388] Scraping matt-therian...
2026-02-26 00:47:47,199 [INFO]     OK - Matt Therian
2026-02-26 00:47:55,001 [INFO]   [188/388] Scraping fivos-tsoukatos...
2026-02-26 00:48:01,805 [INFO]     OK - Fivos Tsoukatos
2026-02-26 00:48:09,623 [INFO]   [189/388] Scraping richard-pugh...
2026-02-26 00:48:16,411 [INFO]     OK - Richard Pugh
2026-02-26 00:48:24,616 [INFO]   [190/388] Scraping pedro-arst...
2026-02-26 00:48:31,414 [INFO]     OK - Pedro Arst
2026-02-26 00:48:38,828 [INFO]   [191/388] Scraping hsin-ju-chuang...
2026-02-26 00:48:45,336 [INFO]     OK - Hsin-Ju Chuang
2026-02-26 00:48:53,156 [INFO]   [192/388] Scraping caroline-healey...
2026-02-26 00:49:00,088 [INFO]     OK - Caroline Healey
2026-02-26 00:49:08,174 [INFO]   [193/388] Scraping tom-hickey...
2026-02-26 00:49:14,662 [INFO]     OK - Tom Hickey
2026-02-26 00:49:23,560 [INFO]   [194/388] Scraping richard-zeiger...
2026-02-26 00:49:30,916 [INFO]     OK - Richard Zeiger
2026-02-26 00:49:39,889 [INFO]   [195/388] Scraping namek-t-zu-bi...
2026-02-26 00:49:46,539 [INFO]     OK - Namek T. Zu'bi
2026-02-26 00:49:53,634 [INFO]   [196/388] Scraping nate-bradshaw...
2026-02-26 00:50:00,545 [INFO]     OK - Nate Bradshaw
2026-02-26 00:50:08,953 [INFO]   [197/388] Scraping sebastian-fernandez-medrano...
2026-02-26 00:50:15,661 [INFO]     OK - Sebastián Fernández-Medrano
2026-02-26 00:50:24,544 [INFO]   [198/388] Scraping richard-setterwall...
2026-02-26 00:50:31,764 [INFO]     OK - Richard Setterwall
2026-02-26 00:50:40,633 [INFO]   [199/388] Scraping jeppe-hoier...
2026-02-26 00:50:47,433 [INFO]     OK - Jeppe Høier
2026-02-26 00:50:55,842 [INFO]   [200/388] Scraping steve-barham...
2026-02-26 00:51:02,777 [INFO]     OK - Steve Barham
2026-02-26 00:51:02,782 [INFO]   Restarting browser (every 25 profiles)...
2026-02-26 00:52:03,132 [INFO]   [201/388] Scraping flavio-dias...
2026-02-26 00:52:10,454 [INFO]     OK - Flavio Dias
2026-02-26 00:52:16,780 [INFO]   [202/388] Scraping nick-santillo...
2026-02-26 00:52:23,803 [INFO]     OK - Nick Santillo
2026-02-26 00:52:30,147 [INFO]   [203/388] Scraping eugenio-gonzalez-de-pena...
2026-02-26 00:52:37,001 [INFO]     OK - Eugenio Gonzalez De Pena
2026-02-26 00:52:45,811 [INFO]   [204/388] Scraping chinmaya-saxena...
2026-02-26 00:52:52,916 [INFO]     OK - Chinmaya Saxena
2026-02-26 00:52:59,941 [INFO]   [205/388] Scraping peter-bell...
2026-02-26 00:53:06,537 [INFO]     OK - Peter Bell
2026-02-26 00:53:13,836 [INFO]   [206/388] Scraping jeffrey-lam...
2026-02-26 00:53:20,291 [INFO]     OK - Jeffrey Lam
2026-02-26 00:53:27,761 [INFO]   [207/388] Scraping tobias-schonhaar...
2026-02-26 00:53:34,647 [INFO]     OK - Tobias Schönhaar
2026-02-26 00:53:40,881 [INFO]   [208/388] Scraping jerry-camp...
2026-02-26 00:53:47,822 [INFO]     OK - Jerry Camp
2026-02-26 00:53:55,175 [INFO]   [209/388] Scraping max-nussenbaum...
2026-02-26 00:54:01,861 [INFO]     OK - Max Nussenbaum
2026-02-26 00:54:08,281 [INFO]   [210/388] Scraping ricardo-torgal...
2026-02-26 00:54:15,384 [INFO]     OK - Ricardo Torgal
2026-02-26 00:54:21,732 [INFO]   [211/388] Scraping melissa-facchina...
2026-02-26 00:54:28,750 [INFO]     OK - Melissa Facchina
2026-02-26 00:54:36,977 [INFO]   [212/388] Scraping scott-fox...
2026-02-26 00:54:43,918 [INFO]     OK - Scott Fox
2026-02-26 00:54:51,029 [INFO]   [213/388] Scraping marcus-guastella...
2026-02-26 00:54:57,948 [INFO]     OK - Marcus Guastella
2026-02-26 00:55:05,379 [INFO]   [214/388] Scraping stephanie-melodia...
2026-02-26 00:55:12,202 [INFO]     OK - Stephanie Melodia
2026-02-26 00:55:20,547 [INFO]   [215/388] Scraping tim-marbach...
2026-02-26 00:55:27,123 [INFO]     OK - Tim Marbach
2026-02-26 00:55:34,708 [INFO]   [216/388] Scraping chris-gay-crosier...
2026-02-26 00:55:41,883 [INFO]     OK - Chris Gay-Crosier
2026-02-26 00:55:49,012 [INFO]   [217/388] Scraping yash-gadiya...
2026-02-26 00:55:55,693 [INFO]     OK - Yash Gadiya
2026-02-26 00:56:02,367 [INFO]   [218/388] Scraping samir-rahi...
2026-02-26 00:56:09,318 [INFO]     OK - Samir Rahi
2026-02-26 00:56:15,960 [INFO]   [219/388] Scraping maureen-klewicki...
2026-02-26 00:56:23,328 [INFO]     OK - Maureen Klewicki
2026-02-26 00:56:31,475 [INFO]   [220/388] Scraping pauline-studer...
2026-02-26 00:56:38,551 [INFO]     OK - Pauline Studer
2026-02-26 00:56:46,361 [INFO]   [221/388] Scraping nicholas-nicho-herold...
2026-02-26 00:56:53,118 [INFO]     OK - Nicholas (Nicho) Herold
2026-02-26 00:56:59,350 [INFO]   [222/388] Scraping ritik-malhotra...
2026-02-26 00:57:06,158 [INFO]     OK - Ritik Malhotra
2026-02-26 00:57:13,789 [INFO]   [223/388] Scraping pedro-torres-picon...
2026-02-26 00:57:20,371 [INFO]     OK - Pedro Torres Picón
2026-02-26 00:57:26,537 [INFO]   [224/388] Scraping charlie-johnson...
2026-02-26 00:57:32,977 [INFO]     OK - Charlie  Johnson
2026-02-26 00:57:40,172 [INFO]   [225/388] Scraping marvin-martsch...
2026-02-26 00:57:46,907 [INFO]     OK - Marvin Martsch
2026-02-26 00:57:46,907 [INFO]   Restarting browser (every 25 profiles)...
2026-02-26 00:58:47,250 [INFO]   [226/388] Scraping eric-jones...
2026-02-26 00:58:54,151 [INFO]     OK - Eric Jones
2026-02-26 00:59:02,763 [INFO]   [227/388] Scraping martin-bolland...
2026-02-26 00:59:09,651 [INFO]     OK - Martin Bolland
2026-02-26 00:59:17,393 [INFO]   [228/388] Scraping matthew-mcdonald...
2026-02-26 00:59:24,415 [INFO]     OK - Matthew McDonald
2026-02-26 00:59:33,276 [INFO]   [229/388] Scraping charles-hayley-bell...
2026-02-26 00:59:40,213 [INFO]     OK - Charles Hayley Bell
2026-02-26 00:59:46,447 [INFO]   [230/388] Scraping tom-medrek...
2026-02-26 00:59:53,668 [INFO]     OK - Tom Medrek
2026-02-26 01:00:01,779 [INFO]   [231/388] Scraping sean-chang...
2026-02-26 01:00:08,533 [INFO]     OK - Sean Chang
2026-02-26 01:00:16,123 [INFO]   [232/388] Scraping stephano-gabriel...
2026-02-26 01:00:23,187 [INFO]     OK - Stephano Gabriel
2026-02-26 01:00:32,104 [INFO]   [233/388] Scraping paul-ragsdale...
2026-02-26 01:00:38,730 [INFO]     OK - Paul Ragsdale
2026-02-26 01:00:46,240 [INFO]   [234/388] Scraping martins-pjalkovskis...
2026-02-26 01:00:53,182 [INFO]     OK - Martins Pjalkovskis
2026-02-26 01:01:01,712 [INFO]   [235/388] Scraping meaghan-mahoney...
2026-02-26 01:01:08,415 [INFO]     OK - Meaghan Mahoney
2026-02-26 01:01:14,880 [INFO]   [236/388] Scraping sebastian-buenaventura...
2026-02-26 01:01:21,686 [INFO]     OK - Sebastian Buenaventura
2026-02-26 01:01:29,672 [INFO]   [237/388] Scraping maxi-kozler...
2026-02-26 01:01:36,750 [INFO]     OK - Maxine Kozler
2026-02-26 01:01:44,662 [INFO]   [238/388] Scraping mehmet-atici...
2026-02-26 01:01:51,402 [INFO]     OK - Mehmet Atici
2026-02-26 01:01:59,722 [INFO]   [239/388] Scraping chris-harper...
2026-02-26 01:02:06,681 [INFO]     OK - Chris Harper
2026-02-26 01:02:13,518 [INFO]   [240/388] Scraping peter-bachmann_1...
2026-02-26 01:02:19,948 [INFO]     OK - Peter Bachmann
2026-02-26 01:02:26,038 [INFO]   [241/388] Scraping edvard-engesaeth...
2026-02-26 01:02:32,921 [INFO]     OK - Edvard Engesæth
2026-02-26 01:02:39,587 [INFO]   [242/388] Scraping chris-guzowski...
2026-02-26 01:02:46,343 [INFO]     OK - Chris Guzowski
2026-02-26 01:02:53,404 [INFO]   [243/388] Scraping mats-johansson...
2026-02-26 01:03:00,454 [INFO]     OK - Mats Johansson
2026-02-26 01:03:07,666 [INFO]   [244/388] Scraping sean-sebastian...
2026-02-26 01:03:14,539 [INFO]     OK - Sean Sebastian
2026-02-26 01:03:20,683 [INFO]   [245/388] Scraping paul-sims...
2026-02-26 01:03:30,714 [INFO]     OK - Paul Sims
2026-02-26 01:03:37,811 [INFO]   [246/388] Scraping maxwell-salzberg...
2026-02-26 01:03:44,599 [INFO]     OK - Maxwell Salzberg
2026-02-26 01:03:52,494 [INFO]   [247/388] Scraping sean-whitney_1...
2026-02-26 01:03:59,193 [INFO]     OK - Sean Whitney
2026-02-26 01:04:06,026 [INFO]   [248/388] Scraping martin-enderle...
2026-02-26 01:04:12,807 [INFO]     OK - Martin Enderle
2026-02-26 01:04:20,456 [INFO]   [249/388] Scraping tove-larsson...
2026-02-26 01:04:27,287 [INFO]     OK - Tove Larsson
2026-02-26 01:04:35,364 [INFO]   [250/388] Scraping nes-patrick-k-senor...
2026-02-26 01:04:42,198 [INFO]     OK - Nes Patrick K. Señor
2026-02-26 01:04:42,204 [INFO]   Restarting browser (every 25 profiles)...
2026-02-26 01:05:42,555 [INFO]   [251/388] Scraping evan-buhler...
2026-02-26 01:05:49,970 [INFO]     OK - Evan Buhler
2026-02-26 01:05:56,376 [INFO]   [252/388] Scraping gabriele-poteliunaite...
2026-02-26 01:06:03,191 [INFO]     OK - Gabrielė Poteliūnaitė
2026-02-26 01:06:10,310 [INFO]   [253/388] Scraping sean-koffel...
2026-02-26 01:06:17,037 [INFO]     OK - Sean Koffel
2026-02-26 01:06:23,861 [INFO]   [254/388] Scraping matthew-taylor...
2026-02-26 01:06:30,463 [INFO]     OK - Matthew Taylor
2026-02-26 01:06:36,778 [INFO]   [255/388] Scraping pawel-leks...
2026-02-26 01:06:44,133 [INFO]     OK - Pawel Leks
2026-02-26 01:06:51,122 [INFO]   [256/388] Scraping tim-keebler...
2026-02-26 01:06:56,299 [INFO]     OK - Tim Keebler
2026-02-26 01:07:03,262 [INFO]   [257/388] Scraping rob-chan...
2026-02-26 01:07:09,777 [INFO]     OK - Rob Chan
2026-02-26 01:07:18,765 [INFO]   [258/388] Scraping matthew-brown...
2026-02-26 01:07:25,589 [INFO]     OK - Matthew Brown
2026-02-26 01:07:31,955 [INFO]   [259/388] Scraping mathias-owing-maanum...
2026-02-26 01:07:38,705 [INFO]     OK - Mathias Owing Maanum
2026-02-26 01:07:45,855 [INFO]   [260/388] Scraping mayur-motgi...
2026-02-26 01:07:52,442 [INFO]     OK - Mayur Motgi
2026-02-26 01:08:01,383 [INFO]   [261/388] Scraping guillem-serra...
2026-02-26 01:08:08,353 [INFO]     OK - Guillem Serra
2026-02-26 01:08:16,193 [INFO]   [262/388] Scraping scott-irwin...
2026-02-26 01:08:22,877 [INFO]     OK - Scott Irwin
2026-02-26 01:08:31,089 [INFO]   [263/388] Scraping rob-hunter...
2026-02-26 01:08:37,782 [INFO]     OK - Rob Hunter
2026-02-26 01:08:43,870 [INFO]   [264/388] Scraping scott-heyes...
2026-02-26 01:08:50,924 [INFO]     OK - Scott Heyes
2026-02-26 01:08:59,212 [INFO]   [265/388] Scraping eugene-miretsky...
2026-02-26 01:09:05,886 [INFO]     OK - Eugene Miretsky
2026-02-26 01:09:14,365 [INFO]   [266/388] Scraping max-liedtke...
2026-02-26 01:09:21,456 [INFO]     OK - Max Liedtke
2026-02-26 01:09:28,954 [INFO]   [267/388] Scraping tina-hoang-to...
2026-02-26 01:09:36,298 [INFO]     OK - Tina Hoang-To
2026-02-26 01:09:43,363 [INFO]   [268/388] Scraping tiq-chapa...
2026-02-26 01:09:50,441 [INFO]     OK - Tiq Chapa
2026-02-26 01:09:59,005 [INFO]   [269/388] Scraping sanjeev-aggarwal...
2026-02-26 01:10:06,186 [INFO]     OK - Sanjeev Aggarwal
2026-02-26 01:10:13,543 [INFO]   [270/388] Scraping reuben-holdaway...
2026-02-26 01:10:20,628 [INFO]     OK - Reuben Holdaway
2026-02-26 01:10:28,919 [INFO]   [271/388] Scraping eva-lau...
2026-02-26 01:10:35,758 [INFO]     OK - Eva Lau
2026-02-26 01:10:43,912 [INFO]   [272/388] Scraping maryna-malanenka...
2026-02-26 01:10:50,803 [INFO]     OK - Maryna Malanenka
2026-02-26 01:10:59,759 [INFO]   [273/388] Scraping matt-brezina...
2026-02-26 01:11:06,466 [INFO]     OK - Matt Brezina
2026-02-26 01:11:15,057 [INFO]   [274/388] Scraping pekka-siivonen-uotila...
2026-02-26 01:11:21,980 [INFO]     OK - Pekka Siivonen-Uotila
2026-02-26 01:11:29,557 [INFO]   [275/388] Scraping markus-kahlbetzer...
2026-02-26 01:11:36,211 [INFO]     OK - Markus Kahlbetzer
2026-02-26 01:11:36,211 [INFO]   Restarting browser (every 25 profiles)...
2026-02-26 01:12:36,586 [INFO]   [276/388] Scraping yao-li...
2026-02-26 01:12:43,873 [INFO]     OK - Yao Li
2026-02-26 01:12:52,530 [INFO]   [277/388] Scraping stephanie-marshall...
2026-02-26 01:12:59,112 [INFO]     OK - Stephanie Marshall
2026-02-26 01:13:05,870 [INFO]   [278/388] Scraping fernando-gadotti...
2026-02-26 01:13:12,744 [INFO]     OK - Fernando Gadotti
2026-02-26 01:13:19,632 [INFO]   [279/388] Scraping jeroen-van-den-brink...
2026-02-26 01:13:26,606 [INFO]     OK - Jeroen van den Brink
2026-02-26 01:13:32,833 [INFO]   [280/388] Scraping hunter-horsley...
2026-02-26 01:13:40,035 [INFO]     OK - Hunter Horsley
2026-02-26 01:13:46,700 [INFO]   [281/388] Scraping tom-singh...
2026-02-26 01:13:53,457 [INFO]     OK - Tom Singh
2026-02-26 01:14:01,584 [INFO]   [282/388] Scraping egor-abramov...
2026-02-26 01:14:09,172 [INFO]     OK - Egor Abramov
2026-02-26 01:14:16,486 [INFO]   [283/388] Scraping maximilian-bade_1...
2026-02-26 01:14:23,587 [INFO]     OK - Maximilian Bade
2026-02-26 01:14:31,034 [INFO]   [284/388] Scraping david-jeske...
2026-02-26 01:14:37,673 [INFO]     OK - David Jeske
2026-02-26 01:14:43,892 [INFO]   [285/388] Scraping payal-patel...
2026-02-26 01:14:50,781 [INFO]     OK - Payal Patel
2026-02-26 01:14:57,820 [INFO]   [286/388] Scraping travis-macinnes...
2026-02-26 01:15:04,606 [INFO]     OK - Travis MacInnes
2026-02-26 01:15:12,257 [INFO]   [287/388] Scraping nancy-flewelling...
2026-02-26 01:15:19,548 [INFO]     OK - Nancy Flewelling
2026-02-26 01:15:26,647 [INFO]   [288/388] Scraping pawel-tomczuk...
2026-02-26 01:15:33,753 [INFO]     OK - Pawel Tomczuk
2026-02-26 01:15:41,483 [INFO]   [289/388] Scraping matt-gibstein...
2026-02-26 01:15:48,233 [INFO]     OK - Matt Gibstein
2026-02-26 01:15:55,951 [INFO]   [290/388] Scraping matthew-volosin...
2026-02-26 01:16:02,807 [INFO]     OK - Matthew Volosin
2026-02-26 01:16:09,219 [INFO]   [291/388] Scraping meagan-loyst...
2026-02-26 01:16:16,221 [INFO]     OK - Meagan Loyst
2026-02-26 01:16:23,197 [INFO]   [292/388] Scraping marshall-porter...
2026-02-26 01:16:30,179 [INFO]     OK - Marshall Porter
2026-02-26 01:16:37,648 [INFO]   [293/388] Scraping stephane-romanyszyn...
2026-02-26 01:16:44,505 [INFO]     OK - Stéphane Romanyszyn
2026-02-26 01:16:52,944 [INFO]   [294/388] Scraping matthew-walker...
2026-02-26 01:16:59,880 [INFO]     OK - Matthew Walker
2026-02-26 01:17:06,813 [INFO]   [295/388] Scraping sean-moran...
2026-02-26 01:17:13,053 [INFO]     OK - Sean Moran
2026-02-26 01:17:21,474 [INFO]   [296/388] Scraping julien-braun...
2026-02-26 01:17:28,098 [INFO]     OK - Julien Braun
2026-02-26 01:17:34,427 [INFO]   [297/388] Scraping matt-mullenweg...
2026-02-26 01:17:41,045 [INFO]     OK - Matt Mullenweg
2026-02-26 01:17:48,424 [INFO]   [298/388] Scraping matteo-gamba...
2026-02-26 01:17:55,125 [INFO]     OK - Matteo Gamba
2026-02-26 01:18:01,801 [INFO]   [299/388] Scraping namrata-ganatra...
2026-02-26 01:18:08,849 [INFO]     OK - Namrata Ganatra
2026-02-26 01:18:17,665 [INFO]   [300/388] Scraping julie-h-park...
2026-02-26 01:18:24,950 [INFO]     OK - Julie Park
2026-02-26 01:18:24,953 [INFO]   Restarting browser (every 25 profiles)...
2026-02-26 01:19:25,303 [INFO]   [301/388] Scraping manuel-bronstein...
2026-02-26 01:19:32,112 [INFO]     OK - Manuel Bronstein
2026-02-26 01:19:40,417 [INFO]   [302/388] Scraping frederic-mazzella...
2026-02-26 01:19:47,202 [INFO]     OK - Frédéric Mazzella
2026-02-26 01:19:55,762 [INFO]   [303/388] Scraping nathan-pierotti...
2026-02-26 01:20:02,713 [INFO]     OK - Nathan Pierotti
2026-02-26 01:20:11,700 [INFO]   [304/388] Scraping tj-fleming...
2026-02-26 01:20:18,321 [INFO]     OK - TJ Fleming
2026-02-26 01:20:24,708 [INFO]   [305/388] Scraping reza-khaninezhad...
2026-02-26 01:20:31,752 [INFO]     OK - Reza Khaninezhad
2026-02-26 01:20:40,262 [INFO]   [306/388] Scraping ricardo-coelho...
2026-02-26 01:20:47,256 [INFO]     OK - Ricardo Coelho Duarte
2026-02-26 01:20:56,040 [INFO]   [307/388] Scraping ron-hillmann...
2026-02-26 01:21:26,991 [INFO]     OK - Ron Hillmann
2026-02-26 01:21:34,863 [INFO]   [308/388] Scraping remco-van-zanten...
2026-02-26 01:22:03,117 [INFO]     OK - Remco van Zanten
2026-02-26 01:22:11,824 [INFO]   [309/388] Scraping ron-suber...
2026-02-26 01:22:18,625 [INFO]     OK - Ron Suber
2026-02-26 01:22:27,376 [INFO]   [310/388] Scraping rishab-malik...
2026-02-26 01:22:33,384 [INFO]     OK - Rishab Malik
2026-02-26 01:22:40,060 [INFO]   [311/388] Scraping julien-david-nitlech...
2026-02-26 01:22:46,957 [INFO]     OK - Julien-David Nitlech
2026-02-26 01:22:55,125 [INFO]   [312/388] Scraping martin-claure_1...
2026-02-26 01:23:01,867 [INFO]     OK - Martin Claure
2026-02-26 01:23:10,661 [INFO]   [313/388] Scraping matthew-hill...
2026-02-26 01:23:17,180 [INFO]     OK - Matthew Hill
2026-02-26 01:23:24,013 [INFO]   [314/388] Scraping naman-budhdeo...
2026-02-26 01:23:31,004 [INFO]     OK - Naman Budhdeo
2026-02-26 01:23:38,173 [INFO]   [315/388] Scraping sarah-mulchand...
2026-02-26 01:23:45,334 [INFO]     OK - Sarah Mulchand
2026-02-26 01:23:53,992 [INFO]   [316/388] Scraping martin-sinner...
2026-02-26 01:24:00,550 [INFO]     OK - Martin Sinner
2026-02-26 01:24:06,583 [INFO]   [317/388] Scraping gabriela-marques...
2026-02-26 01:24:13,503 [INFO]     OK - Gabriela Marques
2026-02-26 01:24:20,573 [INFO]   [318/388] Scraping frederic-baecke...
2026-02-26 01:24:27,179 [INFO]     OK - Frédéric Baecke
2026-02-26 01:24:34,204 [INFO]   [319/388] Scraping tom-lachkar...
2026-02-26 01:24:41,072 [INFO]     OK - Tom Lachkar
2026-02-26 01:24:49,691 [INFO]   [320/388] Scraping stephanie-sollers...
2026-02-26 01:24:55,794 [INFO]     OK - Stephanie Sollers
2026-02-26 01:25:04,183 [INFO]   [321/388] Scraping chris-marks...
2026-02-26 01:25:11,871 [INFO]     OK - Chris Marks
2026-02-26 01:25:18,251 [INFO]   [322/388] Scraping tove-lilliestierna...
2026-02-26 01:25:25,476 [INFO]     OK - Tove Lilliestierna
2026-02-26 01:25:33,632 [INFO]   [323/388] Scraping matt-mazzeo...
2026-02-26 01:25:40,754 [INFO]     OK - Matt Mazzeo
2026-02-26 01:25:48,539 [INFO]   [324/388] Scraping jeroen-arts...
2026-02-26 01:25:55,358 [INFO]     OK - Jeroen Arts
2026-02-26 01:26:03,653 [INFO]   [325/388] Scraping yingjie-wang...
2026-02-26 01:26:08,456 [INFO]     OK - Yingjie Wang
2026-02-26 01:26:08,456 [INFO]   Restarting browser (every 25 profiles)...
2026-02-26 01:27:08,817 [INFO]   [326/388] Scraping stephen-dash...
2026-02-26 01:27:15,594 [INFO]     OK - Stephen Dash
2026-02-26 01:27:23,628 [INFO]   [327/388] Scraping naveen-selvadurai...
2026-02-26 01:27:30,567 [INFO]     OK - Naveen Selvadurai
2026-02-26 01:27:36,667 [INFO]   [328/388] Scraping mauricio-feldman...
2026-02-26 01:27:43,464 [INFO]     OK - Mauricio Feldman
2026-02-26 01:27:52,097 [INFO]   [329/388] Scraping matt-golis...
2026-02-26 01:27:59,175 [INFO]     OK - Matt Golis
2026-02-26 01:28:08,054 [INFO]   [330/388] Scraping brian-totty...
2026-02-26 01:28:14,480 [INFO]     OK - Brian Totty
2026-02-26 01:28:22,927 [INFO]   [331/388] Scraping nadia-al-nasser...
2026-02-26 01:28:30,234 [INFO]     OK - Nadia Al-Nasser
2026-02-26 01:28:38,076 [INFO]   [332/388] Scraping sean-aggarwal...
2026-02-26 01:28:44,631 [INFO]     OK - Sean r
2026-02-26 01:28:51,536 [INFO]   [333/388] Scraping santiago-tamayo-daza...
2026-02-26 01:28:58,586 [INFO]     OK - Santiago Tamayo Daza
2026-02-26 01:29:05,177 [INFO]   [334/388] Scraping max-kalman...
2026-02-26 01:29:12,110 [INFO]     OK - Max Kalman
2026-02-26 01:29:20,129 [INFO]   [335/388] Scraping lance-mccollough...
2026-02-26 01:29:26,809 [INFO]     OK - Lance McCollough
2026-02-26 01:29:33,204 [INFO]   [336/388] Scraping george-strompolos...
2026-02-26 01:29:39,815 [INFO]     OK - George Strompolos
2026-02-26 01:29:45,999 [INFO]   [337/388] Scraping sanja-partalo...
2026-02-26 01:29:51,138 [INFO]     OK - Sanja Partalo
2026-02-26 01:29:58,762 [INFO]   [338/388] Scraping ricardo-sequerra...
2026-02-26 01:30:05,815 [INFO]     OK - Ricardo Sequerra
2026-02-26 01:30:14,324 [INFO]   [339/388] Scraping renato-badaro-guerra_1...
2026-02-26 01:30:21,090 [INFO]     OK - Renato Badaró Guerra
2026-02-26 01:30:28,703 [INFO]   [340/388] Scraping matt-schweickert...
2026-02-26 01:30:35,786 [INFO]     OK - Matt Schweickert
2026-02-26 01:30:43,317 [INFO]   [341/388] Scraping tommaso-moraca...
2026-02-26 01:30:50,421 [INFO]     OK - Tommaso Moraca
2026-02-26 01:30:58,512 [INFO]   [342/388] Scraping nathan-ho_1...
2026-02-26 01:31:05,317 [INFO]     OK - Nathan Ho
2026-02-26 01:31:12,818 [INFO]   [343/388] Scraping mari-baker...
2026-02-26 01:31:19,309 [INFO]     OK - Mari Baker
2026-02-26 01:31:28,267 [INFO]   [344/388] Scraping melissa-ho...
2026-02-26 01:31:34,937 [INFO]     OK - Melissa Ho
2026-02-26 01:31:42,787 [INFO]   [345/388] Scraping maxence-drummond...
2026-02-26 01:31:49,787 [INFO]     OK - Maxence Drummond
2026-02-26 01:31:57,858 [INFO]   [346/388] Scraping matt-piccolella...
2026-02-26 01:32:05,291 [INFO]     OK - Matt Piccolella
2026-02-26 01:32:12,453 [INFO]   [347/388] Scraping martin-lorentzon...
2026-02-26 01:32:19,298 [INFO]     OK - Martin Lorentzon
2026-02-26 01:32:27,216 [INFO]   [348/388] Scraping paul-spiller...
2026-02-26 01:32:33,968 [INFO]     OK - P S
2026-02-26 01:32:42,617 [INFO]   [349/388] Scraping stephen-todres...
2026-02-26 01:32:49,556 [INFO]     OK - Stephen Todres
2026-02-26 01:32:56,312 [INFO]   [350/388] Scraping tony-hawk...
2026-02-26 01:33:02,802 [INFO]     OK - Tony Hawk
2026-02-26 01:33:02,806 [INFO]   Restarting browser (every 25 profiles)...
2026-02-26 01:34:03,213 [INFO]   [351/388] Scraping trent-miskelly...
2026-02-26 01:34:10,151 [INFO]     OK - Trent Miskelly
2026-02-26 01:34:18,886 [INFO]   [352/388] Scraping tony-holt-holt...
2026-02-26 01:34:25,844 [INFO]     OK - Tony Holt
2026-02-26 01:34:33,275 [INFO]   [353/388] Scraping carolina-strobel...
2026-02-26 01:34:40,113 [INFO]     OK - Carolina Strobel
2026-02-26 01:34:48,374 [INFO]   [354/388] Scraping rick-tuley...
2026-02-26 01:34:55,402 [INFO]     OK - Rick Tuley
2026-02-26 01:35:02,097 [INFO]   [355/388] Scraping ron-hose...
2026-02-26 01:35:09,268 [INFO]     OK - Ron Hose
2026-02-26 01:35:16,688 [INFO]   [356/388] Scraping jeremy-kuo...
2026-02-26 01:35:23,232 [INFO]     OK - Jeremy Kuo
2026-02-26 01:35:30,096 [INFO]   [357/388] Scraping steven-kohl...
2026-02-26 01:35:38,125 [INFO]     OK - Steven Kohl
2026-02-26 01:35:45,912 [INFO]   [358/388] Scraping martin-tajur...
2026-02-26 01:35:52,641 [INFO]     OK - Martin Tajur
2026-02-26 01:36:01,292 [INFO]   [359/388] Scraping tobias-lutke...
2026-02-26 01:36:08,117 [INFO]     OK - Tobias Lutke
2026-02-26 01:36:14,778 [INFO]   [360/388] Scraping edward-larkin...
2026-02-26 01:36:21,812 [INFO]     OK - Edward Larkin
2026-02-26 01:36:30,679 [INFO]   [361/388] Scraping tina-victoria-austdal-andersen...
2026-02-26 01:36:37,446 [INFO]     OK - Tina Victoria Austdal Andersen
2026-02-26 01:36:43,658 [INFO]   [362/388] Scraping flo-yates...
2026-02-26 01:36:50,641 [INFO]     OK - Flo Yates
2026-02-26 01:36:57,140 [INFO]   [363/388] Scraping hugo-arevalo...
2026-02-26 01:37:04,045 [INFO]     OK - Hugo Arevalo
2026-02-26 01:37:13,045 [INFO]   [364/388] Scraping nicholas-moryl...
2026-02-26 01:37:19,800 [INFO]     OK - Nicholas Moryl
2026-02-26 01:37:26,426 [INFO]   [365/388] Scraping ricch-rodriguez...
2026-02-26 01:37:33,320 [INFO]     OK - ricch rodriguez
2026-02-26 01:37:40,755 [INFO]   [366/388] Scraping neil-giugno_1...
2026-02-26 01:37:48,329 [INFO]     OK - Neil Giugno
2026-02-26 01:37:55,542 [INFO]   [367/388] Scraping charlie-ansanelli...
2026-02-26 01:38:02,469 [INFO]     OK - Charlie  Ansanelli
2026-02-26 01:38:09,563 [INFO]   [368/388] Scraping naiane-pontes...
2026-02-26 01:38:16,714 [INFO]     OK - Naiane Pontes
2026-02-26 01:38:25,107 [INFO]   [369/388] Scraping caroline-cecilie-skogland-kverne...
2026-02-26 01:38:31,800 [INFO]     OK - Caroline Cecilie Skogland Kverne
2026-02-26 01:38:40,206 [INFO]   [370/388] Scraping sean-park...
2026-02-26 01:38:46,916 [INFO]     OK - Sean Park
2026-02-26 01:38:53,215 [INFO]   [371/388] Scraping matt-cutts...
2026-02-26 01:38:59,794 [INFO]     OK - Matt Cutts
2026-02-26 01:39:08,344 [INFO]   [372/388] Scraping paul-rogers...
2026-02-26 01:39:15,455 [INFO]     OK - Paul Rogers
2026-02-26 01:39:22,445 [INFO]   [373/388] Scraping maxime-de-varine-bohan...
2026-02-26 01:39:29,338 [INFO]     OK - Maxime de Varine-Bohan
2026-02-26 01:39:36,662 [INFO]   [374/388] Scraping pedro-teo...
2026-02-26 01:39:43,685 [INFO]     OK - Pedro Teo
2026-02-26 01:39:50,316 [INFO]   [375/388] Scraping selene-casabal...
2026-02-26 01:39:57,558 [INFO]     OK - Selene Casabal-Cruz
2026-02-26 01:39:57,559 [INFO]   Restarting browser (every 25 profiles)...
2026-02-26 01:40:57,922 [INFO]   [376/388] Scraping paul-murphy_1...
2026-02-26 01:41:04,764 [INFO]     OK - Paul Murphy
2026-02-26 01:41:13,476 [INFO]   [377/388] Scraping jens-sjogren...
2026-02-26 01:41:20,136 [INFO]     OK - Jens Sjögren
2026-02-26 01:41:28,231 [INFO]   [378/388] Scraping pavel-prata...
2026-02-26 01:41:35,064 [INFO]     OK - Pavel Prata
2026-02-26 01:41:41,658 [INFO]   [379/388] Scraping ege-akinci...
2026-02-26 01:41:48,754 [INFO]     OK - Ege Akinci
2026-02-26 01:41:55,099 [INFO]   [380/388] Scraping julian-wright...
2026-02-26 01:42:02,261 [INFO]     OK - Julian Wright
2026-02-26 01:42:08,647 [INFO]   [381/388] Scraping yash-dave...
2026-02-26 01:42:15,657 [INFO]     OK - Yash Dave
2026-02-26 01:42:24,087 [INFO]   [382/388] Scraping chip-meakem...
2026-02-26 01:42:30,895 [INFO]     OK - Chip Meakem
2026-02-26 01:42:37,191 [INFO]   [383/388] Scraping julie-roblot...
2026-02-26 01:42:44,193 [INFO]     OK - Julie Roblot
2026-02-26 01:42:52,625 [INFO]   [384/388] Scraping melalite-ayenew...
2026-02-26 01:42:59,818 [INFO]     OK - Melalite Ayenew
2026-02-26 01:43:07,811 [INFO]   [385/388] Scraping frederic-ponchon...
2026-02-26 01:43:14,812 [INFO]     OK - Frédéric Ponchon
2026-02-26 01:43:22,232 [INFO]   [386/388] Scraping humberto-weber...
2026-02-26 01:43:29,357 [INFO]     OK - Humberto Weber
2026-02-26 01:43:38,328 [INFO]   [387/388] Scraping emir-dereli...
2026-02-26 01:43:45,155 [INFO]     OK - Emir Dereli
2026-02-26 01:43:53,505 [INFO]   [388/388] Scraping mathieu-tarnus...
2026-02-26 01:44:02,956 [INFO]     OK - Mathieu Tarnus
2026-02-26 01:44:09,074 [INFO] 
2026-02-26 01:44:09,074 [INFO] ============================================================
2026-02-26 01:44:09,074 [INFO]   RETRY COMPLETE
2026-02-26 01:44:09,075 [INFO]   Succeeded:          387
2026-02-26 01:44:09,075 [INFO]   Still failed:       1
2026-02-26 01:44:09,075 [INFO]   Total on disk now:  3192
2026-02-26 01:44:09,075 [INFO]   Still remaining:    1
2026-02-26 01:44:09,075 [INFO] ============================================================
